[2017-07-15 18:16:01] my_logger.INFO: Get Request: /events/next [] []
[2017-07-15 18:16:36] my_logger.INFO: GET Request: /events/next [] []
[2017-07-15 18:16:37] my_logger.INFO: GET Request: /events/next [] []
[2017-07-15 18:16:38] my_logger.INFO: GET Request: /events/next [] []
[2017-07-15 18:16:38] my_logger.INFO: GET Request: /events/next [] []
[2017-07-15 18:17:07] my_logger.INFO: GET Request: /events/next [] []
[2017-07-15 18:17:33] my_logger.INFO: GET Request: /events [] []
[2017-07-15 18:17:39] my_logger.INFO: GET Request: /events [] []
[2017-07-15 18:17:43] my_logger.INFO: GET Request: /events/next [] []
[2017-07-15 18:17:51] my_logger.INFO: GET Request: /events/next [] []
[2017-07-15 19:42:06] my_logger.INFO: GET Request: /events/next [] []
[2017-07-15 19:42:09] my_logger.INFO: GET Request: /events/next [] []
[2017-07-15 19:46:08] my_logger.INFO: GET Request: /events/next [] []
[2017-07-15 19:46:08] my_logger.INFO: GET Request: /events/next [] []
[2017-07-15 20:20:02] my_logger.INFO: GET Request: /events/next [] []
[2017-07-15 20:27:43] my_logger.INFO: GET Request: /events/next [] []
[2017-07-15 20:28:55] my_logger.INFO: GET Request: /events/next [] []
[2017-07-15 20:28:59] my_logger.INFO: GET Request: /events/next [] []
[2017-07-15 20:30:04] my_logger.INFO: GET Request: /events/next [] []
[2017-07-15 20:30:05] my_logger.INFO: GET Request: /events/next [] []
[2017-07-15 20:30:05] my_logger.INFO: GET Request: /events/next [] []
[2017-07-15 20:30:05] my_logger.INFO: GET Request: /events/next [] []
[2017-07-15 20:30:16] my_logger.INFO: GET Request: /events/next [] []
[2017-07-15 20:30:16] my_logger.INFO: GET Request: /events/next [] []
[2017-07-15 22:52:22] my_logger.INFO: GET Request: /events/next [] []
[2017-07-15 22:52:25] my_logger.INFO: GET Request: /events/next [] []
[2017-07-15 22:52:39] my_logger.INFO: GET Request: /events/next [] []
[2017-07-15 23:41:29] my_logger.INFO: GET Request: /events/next [] []
[2017-07-16 00:15:41] my_logger.INFO: GET Request: /events [] []
[2017-07-16 00:32:53] my_logger.INFO: GET Request: /events/next [] []
[2017-07-16 00:32:53] my_logger.INFO: GET Request: /events/next [] []
[2017-07-16 00:32:53] my_logger.INFO: Get Request: /locations/1 [] []
[2017-07-16 00:32:54] my_logger.INFO: Get Request: /locations/1 [] []
[2017-07-16 00:33:13] my_logger.INFO: GET Request: /events/next [] []
[2017-07-16 00:33:13] my_logger.INFO: GET Request: /events/next [] []
[2017-07-16 00:33:19] my_logger.INFO: Get Request: /locations/1 [] []
[2017-07-16 00:33:19] my_logger.INFO: Get Request: /locations/1 [] []
[2017-07-16 00:34:12] my_logger.INFO: GET Request: /events/next [] []
[2017-07-16 00:34:12] my_logger.INFO: Get Request: /locations/1 [] []
[2017-07-16 00:34:16] my_logger.INFO: GET Request: /events/next [] []
[2017-07-16 00:34:18] my_logger.INFO: Get Request: /locations/1 [] []
[2017-07-16 00:38:35] my_logger.INFO: GET Request: /events/next [] []
[2017-07-16 00:38:35] my_logger.INFO: Get Request: /locations/1 [] []
[2017-07-16 00:38:54] my_logger.INFO: GET Request: /events/next [] []
[2017-07-16 00:38:54] my_logger.INFO: Get Request: /locations/1 [] []
[2017-07-16 00:38:59] my_logger.INFO: GET Request: /events/next [] []
[2017-07-16 00:39:01] my_logger.INFO: Get Request: /locations/1 [] []
[2017-07-16 00:39:03] my_logger.INFO: GET Request: /events/next [] []
[2017-07-16 00:39:03] my_logger.INFO: Get Request: /locations/1 [] []
[2017-07-16 00:39:17] my_logger.INFO: GET Request: /events/next [] []
[2017-07-16 00:39:17] my_logger.INFO: Get Request: /locations/1 [] []
[2017-07-16 00:40:15] my_logger.INFO: GET Request: /events/next [] []
[2017-07-16 00:40:15] my_logger.INFO: Get Request: /locations/1 [] []
[2017-07-16 00:42:12] my_logger.INFO: GET Request: /events/next [] []
[2017-07-16 00:42:12] my_logger.INFO: Get Request: /locations/1 [] []
[2017-07-16 00:44:27] my_logger.INFO: GET Request: /events/next [] []
[2017-07-16 00:44:27] my_logger.INFO: Get Request: /locations/1 [] []
[2017-07-16 00:44:59] my_logger.INFO: GET Request: /events/next [] []
[2017-07-16 00:44:59] my_logger.INFO: Get Request: /locations/1 [] []
[2017-07-16 00:45:49] my_logger.INFO: GET Request: /events/next [] []
[2017-07-16 00:45:49] my_logger.INFO: Get Request: /locations/1 [] []
[2017-07-16 00:46:03] my_logger.INFO: GET Request: /events/next [] []
[2017-07-16 00:46:03] my_logger.INFO: Get Request: /locations/1 [] []
[2017-07-16 00:46:21] my_logger.INFO: GET Request: /events/next [] []
[2017-07-16 00:46:21] my_logger.INFO: Get Request: /locations/1 [] []
[2017-07-16 16:51:20] my_logger.INFO: GET Request: /events/next [] []
[2017-07-16 16:51:21] my_logger.INFO: Get Request: /locations/1 [] []
[2017-07-16 16:57:39] my_logger.INFO: GET Request: /events/next [] []
[2017-07-16 16:57:39] my_logger.INFO: Get Request: /locations/1 [] []
[2017-07-16 16:58:07] my_logger.INFO: GET Request: /events/next [] []
[2017-07-16 16:58:07] my_logger.INFO: Get Request: /locations/1 [] []
[2017-07-16 16:58:10] my_logger.INFO: GET Request: /events/next [] []
[2017-07-16 16:58:10] my_logger.INFO: Get Request: /locations/1 [] []
[2017-07-16 16:58:11] my_logger.INFO: GET Request: /events/next [] []
[2017-07-16 16:58:11] my_logger.INFO: Get Request: /locations/1 [] []
[2017-07-16 16:58:12] my_logger.INFO: GET Request: /events/next [] []
[2017-07-16 16:58:12] my_logger.INFO: Get Request: /locations/1 [] []
[2017-07-16 16:58:13] my_logger.INFO: GET Request: /events/next [] []
[2017-07-16 16:58:13] my_logger.INFO: Get Request: /locations/1 [] []
[2017-07-16 16:58:14] my_logger.INFO: GET Request: /events/next [] []
[2017-07-16 16:58:14] my_logger.INFO: Get Request: /locations/1 [] []
[2017-07-16 16:58:16] my_logger.INFO: GET Request: /events/next [] []
[2017-07-16 16:58:16] my_logger.INFO: Get Request: /locations/1 [] []
[2017-07-16 16:58:17] my_logger.INFO: GET Request: /events/next [] []
[2017-07-16 16:58:17] my_logger.INFO: Get Request: /locations/1 [] []
[2017-07-16 16:59:59] my_logger.INFO: GET Request: /events/next [] []
[2017-07-16 16:59:59] my_logger.INFO: Get Request: /locations/1 [] []
[2017-07-16 17:00:13] my_logger.INFO: GET Request: /events/next [] []
[2017-07-16 17:00:13] my_logger.INFO: Get Request: /locations/1 [] []
[2017-07-16 17:00:16] my_logger.INFO: GET Request: /events/next [] []
[2017-07-16 17:00:16] my_logger.INFO: Get Request: /locations/1 [] []
[2017-07-16 17:00:22] my_logger.INFO: GET Request: /events/next [] []
[2017-07-16 17:00:22] my_logger.INFO: Get Request: /locations/1 [] []
[2017-07-16 17:00:50] my_logger.INFO: GET Request: /events/next [] []
[2017-07-16 17:00:50] my_logger.INFO: Get Request: /locations/1 [] []
[2017-07-16 17:00:52] my_logger.INFO: GET Request: /events/next [] []
[2017-07-16 17:00:52] my_logger.INFO: Get Request: /locations/1 [] []
[2017-07-16 17:00:53] my_logger.INFO: GET Request: /events/next [] []
[2017-07-16 17:00:53] my_logger.INFO: Get Request: /locations/1 [] []
[2017-07-16 17:00:54] my_logger.INFO: GET Request: /events/next [] []
[2017-07-16 17:00:54] my_logger.INFO: Get Request: /locations/1 [] []
[2017-07-16 17:00:55] my_logger.INFO: GET Request: /events/next [] []
[2017-07-16 17:00:55] my_logger.INFO: Get Request: /locations/1 [] []
[2017-07-16 17:01:34] my_logger.INFO: GET Request: /events/next [] []
[2017-07-16 17:01:35] my_logger.INFO: Get Request: /locations/1 [] []
[2017-07-16 17:01:41] my_logger.INFO: GET Request: /events/next [] []
[2017-07-16 17:01:41] my_logger.INFO: Get Request: /locations/1 [] []
[2017-07-16 17:01:55] my_logger.INFO: GET Request: /events/next [] []
[2017-07-16 17:01:55] my_logger.INFO: Get Request: /locations/1 [] []
[2017-07-16 17:01:56] my_logger.INFO: GET Request: /events/next [] []
[2017-07-16 17:01:56] my_logger.INFO: Get Request: /locations/1 [] []
[2017-07-16 17:11:53] my_logger.INFO: GET Request: /events/next [] []
[2017-07-16 17:11:53] my_logger.INFO: Get Request: /locations/1 [] []
[2017-07-16 17:11:54] my_logger.INFO: GET Request: /events/next [] []
[2017-07-16 17:11:54] my_logger.INFO: Get Request: /locations/1 [] []
[2017-07-16 17:11:56] my_logger.INFO: GET Request: /events/next [] []
[2017-07-16 17:11:57] my_logger.INFO: Get Request: /locations/1 [] []
[2017-07-16 17:12:19] my_logger.INFO: GET Request: /events/next [] []
[2017-07-16 17:12:19] my_logger.INFO: Get Request: /locations/1 [] []
[2017-07-16 17:12:31] my_logger.INFO: GET Request: /events/next [] []
[2017-07-16 17:12:31] my_logger.INFO: Get Request: /locations/1 [] []
[2017-07-16 17:12:40] my_logger.INFO: GET Request: /events/next [] []
[2017-07-16 17:12:40] my_logger.INFO: Get Request: /locations/1 [] []
[2017-07-16 20:46:38] my_logger.INFO: GET Request: /events/next [] []
[2017-07-16 20:46:38] my_logger.INFO: Get Request: /locations/1 [] []
[2017-07-16 20:46:43] my_logger.INFO: GET Request: /events [] []
[2017-07-16 20:47:34] my_logger.INFO: GET Request: /events/next [] []
[2017-07-16 20:48:02] my_logger.INFO: Get Request: /locations/1 [] []
[2017-07-21 21:46:38] my_logger.INFO: GET Request: /events/next [] []
[2017-07-21 21:46:40] my_logger.INFO: GET Request: /events/next [] []
[2017-07-21 22:04:53] my_logger.INFO: GET Request: /events [] []
[2017-07-21 22:05:06] my_logger.INFO: GET Request: /events/next [] []
[2017-07-21 22:05:06] my_logger.INFO: Get Request: /locations/1 [] []
[2017-07-21 22:05:07] my_logger.INFO: GET Request: /events [] []
[2017-07-21 22:05:19] my_logger.INFO: GET Request: /events/next [] []
[2017-07-21 22:05:19] my_logger.INFO: Get Request: /locations/1 [] []
[2017-07-21 22:24:53] my_logger.INFO: GET Request: /events/next [] []
[2017-07-21 22:24:53] my_logger.INFO: Get Request: /locations/1 [] []
[2017-07-21 23:06:43] my_logger.INFO: GET Request: /events/next [] []
[2017-07-21 23:06:43] my_logger.INFO: Get Request: /locations/1 [] []
[2017-07-22 02:04:44] my_logger.INFO: GET Request: /events/next [] []
[2017-07-22 02:04:44] my_logger.INFO: Get Request: /locations/1 [] []
[2017-07-22 02:04:52] my_logger.INFO: GET Request: /events/next [] []
[2017-07-22 02:04:52] my_logger.INFO: Get Request: /locations/1 [] []
[2017-07-22 02:05:14] my_logger.INFO: GET Request: /events/next [] []
[2017-07-22 02:05:14] my_logger.INFO: Get Request: /locations/1 [] []
[2017-11-09 10:48:57] my_logger.INFO: GET Request: /events/next [] []
[2017-11-09 10:48:57] my_logger.INFO: Get Request: /locations/1 [] []
[2017-11-09 10:50:57] my_logger.INFO: GET Request: /events/next [] []
[2017-11-09 10:50:57] my_logger.INFO: Get Request: /locations/1 [] []
[2017-11-09 10:53:22] my_logger.INFO: GET Request: /events/next [] []
[2017-11-09 10:53:22] my_logger.INFO: Get Request: /locations/1 [] []
[2017-11-09 10:53:38] my_logger.INFO: GET Request: /events/next [] []
[2017-11-09 10:53:38] my_logger.INFO: Get Request: /locations/1 [] []
[2017-11-09 10:53:40] my_logger.INFO: GET Request: /events/next [] []
[2017-11-09 10:53:40] my_logger.INFO: Get Request: /locations/1 [] []
[2017-11-09 10:56:20] my_logger.INFO: GET Request: /events/next [] []
[2017-11-09 10:56:20] my_logger.INFO: Get Request: /locations/1 [] []
[2017-11-09 11:01:11] my_logger.INFO: GET Request: /events/next [] []
[2017-11-09 11:01:11] my_logger.INFO: Get Request: /locations/1 [] []
[2017-11-09 11:01:20] my_logger.INFO: GET Request: /events/next [] []
[2017-11-09 11:01:20] my_logger.INFO: Get Request: /locations/1 [] []
[2017-11-09 11:03:22] my_logger.INFO: GET Request: /events/next [] []
[2017-11-09 11:03:22] my_logger.INFO: Get Request: /locations/1 [] []
[2017-11-09 11:04:44] my_logger.INFO: GET Request: /events/next [] []
[2017-11-09 11:04:44] my_logger.INFO: Get Request: /locations/1 [] []
[2017-11-09 11:06:40] my_logger.INFO: GET Request: /events/next [] []
[2017-11-09 11:06:40] my_logger.INFO: Get Request: /locations/1 [] []
[2017-11-09 11:07:39] my_logger.INFO: GET Request: /events/next [] []
[2017-11-09 11:07:39] my_logger.INFO: Get Request: /locations/1 [] []
[2017-11-09 11:09:22] my_logger.INFO: GET Request: /events/next [] []
[2017-11-09 11:09:22] my_logger.INFO: Get Request: /locations/1 [] []
[2017-11-09 11:11:13] my_logger.INFO: GET Request: /events/next [] []
[2017-11-09 11:11:13] my_logger.INFO: Get Request: /locations/1 [] []
[2017-11-09 11:11:38] my_logger.INFO: GET Request: /events/next [] []
[2017-11-09 11:11:38] my_logger.INFO: Get Request: /locations/1 [] []
[2017-11-09 11:12:12] my_logger.INFO: GET Request: /events/next [] []
[2017-11-09 11:12:12] my_logger.INFO: Get Request: /locations/1 [] []
[2017-11-09 11:13:14] my_logger.INFO: GET Request: /events/next [] []
[2017-11-09 11:13:14] my_logger.INFO: Get Request: /locations/1 [] []
[2017-11-09 11:13:37] my_logger.INFO: GET Request: /events/next [] []
[2017-11-09 11:13:37] my_logger.INFO: Get Request: /locations/1 [] []
[2017-11-09 11:14:18] my_logger.INFO: GET Request: /events/next [] []
[2017-11-09 11:14:18] my_logger.INFO: Get Request: /locations/1 [] []
[2017-11-09 11:15:08] my_logger.INFO: GET Request: /events/next [] []
[2017-11-09 11:15:08] my_logger.INFO: Get Request: /locations/1 [] []
[2017-11-09 11:15:17] my_logger.INFO: GET Request: /events/next [] []
[2017-11-09 11:15:17] my_logger.INFO: Get Request: /locations/1 [] []
[2017-11-09 11:15:58] my_logger.INFO: GET Request: /events/next [] []
[2017-11-09 11:15:58] my_logger.INFO: Get Request: /locations/1 [] []
[2017-11-09 11:30:07] my_logger.INFO: GET Request: /events/next [] []
[2017-11-09 11:30:07] my_logger.INFO: Get Request: /locations/1 [] []
[2017-11-09 11:31:47] my_logger.INFO: GET Request: /events/next [] []
[2017-11-09 11:31:47] my_logger.INFO: Get Request: /locations/1 [] []
[2017-11-09 11:33:35] my_logger.INFO: GET Request: /events/next [] []
[2017-11-09 11:33:35] my_logger.INFO: Get Request: /locations/1 [] []
[2017-11-09 11:35:23] my_logger.INFO: GET Request: /events/next [] []
[2017-11-09 11:35:23] my_logger.INFO: Get Request: /locations/1 [] []
[2017-11-09 11:35:42] my_logger.INFO: GET Request: /events/next [] []
[2017-11-09 11:35:42] my_logger.INFO: Get Request: /locations/1 [] []
[2017-11-09 11:39:42] my_logger.INFO: GET Request: /events/next [] []
[2017-11-09 11:39:42] my_logger.INFO: Get Request: /locations/1 [] []
[2017-11-09 11:44:44] my_logger.INFO: GET Request: /events/next [] []
[2017-11-09 11:44:44] my_logger.INFO: Get Request: /locations/1 [] []
[2017-11-09 11:45:46] my_logger.INFO: GET Request: /events/next [] []
[2017-11-09 11:45:46] my_logger.INFO: Get Request: /locations/1 [] []
[2017-11-09 11:46:09] my_logger.INFO: GET Request: /events/next [] []
[2017-11-09 11:46:09] my_logger.INFO: Get Request: /locations/1 [] []
[2017-11-09 11:58:16] my_logger.INFO: GET Request: /events/next [] []
[2017-11-09 11:58:16] my_logger.INFO: Get Request: /locations/1 [] []
[2017-11-09 11:59:10] my_logger.INFO: GET Request: /events/next [] []
[2017-11-09 11:59:10] my_logger.INFO: Get Request: /locations/1 [] []
[2017-11-09 12:05:32] my_logger.INFO: GET Request: /events/next [] []
[2017-11-09 12:05:32] my_logger.INFO: Get Request: /locations/1 [] []
[2017-11-09 12:07:18] my_logger.INFO: GET Request: /events/next [] []
[2017-11-09 12:07:18] my_logger.INFO: Get Request: /locations/1 [] []
[2017-11-09 12:07:28] my_logger.INFO: GET Request: /events/next [] []
[2017-11-09 12:07:28] my_logger.INFO: Get Request: /locations/1 [] []
[2017-11-09 12:08:38] my_logger.INFO: GET Request: /events/next [] []
[2017-11-09 12:08:38] my_logger.INFO: Get Request: /locations/1 [] []
[2017-11-09 12:09:11] my_logger.INFO: GET Request: /events/next [] []
[2017-11-09 12:09:11] my_logger.INFO: Get Request: /locations/1 [] []
[2017-11-09 12:15:55] my_logger.INFO: GET Request: /events/next [] []
[2017-11-09 12:15:55] my_logger.INFO: Get Request: /locations/1 [] []
[2017-11-09 12:16:49] my_logger.INFO: GET Request: /events/next [] []
[2017-11-09 12:16:49] my_logger.INFO: Get Request: /locations/1 [] []
[2017-11-09 12:23:40] my_logger.INFO: GET Request: /events/next [] []
[2017-11-09 12:23:40] my_logger.INFO: Get Request: /locations/1 [] []
[2017-11-09 12:27:15] my_logger.INFO: GET Request: /events/next [] []
[2017-11-09 12:27:15] my_logger.INFO: Get Request: /locations/1 [] []
[2017-11-09 12:27:30] my_logger.INFO: GET Request: /events/next [] []
[2017-11-09 12:27:30] my_logger.INFO: Get Request: /locations/1 [] []
[2017-11-09 12:27:58] my_logger.INFO: GET Request: /events/next [] []
[2017-11-09 12:27:58] my_logger.INFO: Get Request: /locations/1 [] []
[2017-11-09 12:30:15] my_logger.INFO: GET Request: /events/next [] []
[2017-11-09 12:30:15] my_logger.INFO: Get Request: /locations/1 [] []
[2017-11-09 12:30:34] my_logger.INFO: GET Request: /events/next [] []
[2017-11-09 12:30:34] my_logger.INFO: Get Request: /locations/1 [] []
[2017-11-09 12:31:34] my_logger.INFO: GET Request: /events/next [] []
[2017-11-09 12:31:34] my_logger.INFO: Get Request: /locations/1 [] []
[2017-11-09 12:33:35] my_logger.INFO: GET Request: /events/next [] []
[2017-11-09 12:33:35] my_logger.INFO: Get Request: /locations/1 [] []
[2017-11-09 12:34:18] my_logger.INFO: GET Request: /events/next [] []
[2017-11-09 12:34:18] my_logger.INFO: Get Request: /locations/1 [] []
[2017-11-09 12:35:03] my_logger.INFO: GET Request: /events/next [] []
[2017-11-09 12:35:03] my_logger.INFO: Get Request: /locations/1 [] []
[2017-11-09 12:36:03] my_logger.INFO: GET Request: /events/next [] []
[2017-11-09 12:36:04] my_logger.INFO: Get Request: /locations/1 [] []
[2017-11-09 12:40:45] my_logger.INFO: GET Request: /events/next [] []
[2017-11-09 12:40:45] my_logger.INFO: Get Request: /locations/1 [] []
[2017-11-09 12:41:19] my_logger.INFO: GET Request: /events/next [] []
[2017-11-09 12:41:19] my_logger.INFO: Get Request: /locations/1 [] []
[2017-11-09 12:41:23] my_logger.INFO: GET Request: /events/next [] []
[2017-11-09 12:41:23] my_logger.INFO: Get Request: /locations/1 [] []
[2017-11-09 12:41:52] my_logger.INFO: GET Request: /events/next [] []
[2017-11-09 12:41:52] my_logger.INFO: Get Request: /locations/1 [] []
[2017-11-09 12:42:18] my_logger.INFO: GET Request: /events/next [] []
[2017-11-09 12:42:18] my_logger.INFO: Get Request: /locations/1 [] []
[2017-11-09 12:44:02] my_logger.INFO: GET Request: /events/next [] []
[2017-11-09 12:44:02] my_logger.INFO: Get Request: /locations/1 [] []
[2017-11-09 12:58:52] my_logger.INFO: GET Request: /events/next [] []
[2017-11-09 12:58:52] my_logger.INFO: Get Request: /locations/1 [] []
[2017-11-09 12:59:56] my_logger.INFO: GET Request: /events/next [] []
[2017-11-09 12:59:56] my_logger.INFO: Get Request: /locations/1 [] []
[2017-11-09 13:00:00] my_logger.INFO: GET Request: /events/next [] []
[2017-11-09 13:00:00] my_logger.INFO: Get Request: /locations/1 [] []
[2017-11-09 13:01:14] my_logger.INFO: GET Request: /events/next [] []
[2017-11-09 13:01:14] my_logger.INFO: Get Request: /locations/1 [] []
[2017-11-09 13:01:56] my_logger.INFO: GET Request: /events/next [] []
[2017-11-09 13:01:57] my_logger.INFO: Get Request: /locations/1 [] []
[2017-11-09 13:02:50] my_logger.INFO: GET Request: /events/next [] []
[2017-11-09 13:02:50] my_logger.INFO: Get Request: /locations/1 [] []
[2017-11-09 13:03:07] my_logger.INFO: GET Request: /events/next [] []
[2017-11-09 13:03:07] my_logger.INFO: Get Request: /locations/1 [] []
[2017-11-09 13:03:33] my_logger.INFO: GET Request: /events/next [] []
[2017-11-09 13:03:33] my_logger.INFO: Get Request: /locations/1 [] []
[2017-11-09 13:04:12] my_logger.INFO: GET Request: /events/next [] []
[2017-11-09 13:04:12] my_logger.INFO: Get Request: /locations/1 [] []
[2017-11-09 13:04:44] my_logger.INFO: GET Request: /events/next [] []
[2017-11-09 13:04:44] my_logger.INFO: Get Request: /locations/1 [] []
[2017-11-09 13:07:21] my_logger.INFO: GET Request: /events/next [] []
[2017-11-09 13:07:21] my_logger.INFO: Get Request: /locations/1 [] []
[2017-11-09 13:07:25] my_logger.INFO: GET Request: /events/next [] []
[2017-11-09 13:07:25] my_logger.INFO: Get Request: /locations/1 [] []
[2017-11-09 13:08:21] my_logger.INFO: GET Request: /events/next [] []
[2017-11-09 13:08:21] my_logger.INFO: Get Request: /locations/1 [] []
[2017-11-09 13:08:46] my_logger.INFO: GET Request: /events/next [] []
[2017-11-09 13:08:47] my_logger.INFO: Get Request: /locations/1 [] []
[2017-11-09 13:09:31] my_logger.INFO: GET Request: /events/next [] []
[2017-11-09 13:09:31] my_logger.INFO: Get Request: /locations/1 [] []
[2017-11-09 13:09:45] my_logger.INFO: GET Request: /events/next [] []
[2017-11-09 13:09:45] my_logger.INFO: Get Request: /locations/1 [] []
[2017-11-09 13:10:06] my_logger.INFO: GET Request: /events/next [] []
[2017-11-09 13:10:06] my_logger.INFO: Get Request: /locations/1 [] []
[2017-11-09 13:12:05] my_logger.INFO: GET Request: /events/next [] []
[2017-11-09 13:12:06] my_logger.INFO: Get Request: /locations/1 [] []
[2017-11-09 13:12:34] my_logger.INFO: GET Request: /events/next [] []
[2017-11-09 13:12:34] my_logger.INFO: Get Request: /locations/1 [] []
[2017-11-09 13:13:17] my_logger.INFO: GET Request: /events/next [] []
[2017-11-09 13:13:17] my_logger.INFO: Get Request: /locations/1 [] []
[2017-11-09 13:13:40] my_logger.INFO: GET Request: /events/next [] []
[2017-11-09 13:13:40] my_logger.INFO: Get Request: /locations/1 [] []
[2017-11-09 13:15:06] my_logger.INFO: GET Request: /events/next [] []
[2017-11-09 13:15:06] my_logger.INFO: Get Request: /locations/1 [] []
[2017-11-09 13:18:03] my_logger.INFO: GET Request: /events/next [] []
[2017-11-09 13:18:03] my_logger.INFO: Get Request: /locations/1 [] []
[2017-11-09 13:18:29] my_logger.INFO: GET Request: /events/next [] []
[2017-11-09 13:18:29] my_logger.INFO: Get Request: /locations/1 [] []
[2017-11-09 13:18:51] my_logger.INFO: GET Request: /events/next [] []
[2017-11-09 13:18:51] my_logger.INFO: Get Request: /locations/1 [] []
[2017-11-09 13:21:41] my_logger.INFO: GET Request: /events/next [] []
[2017-11-09 13:21:41] my_logger.INFO: Get Request: /locations/1 [] []
[2017-11-09 13:23:05] my_logger.INFO: GET Request: /events/next [] []
[2017-11-09 13:23:05] my_logger.INFO: Get Request: /locations/1 [] []
[2017-11-09 13:23:14] my_logger.INFO: GET Request: /events/next [] []
[2017-11-09 13:23:14] my_logger.INFO: Get Request: /locations/1 [] []
[2017-11-09 13:25:13] my_logger.INFO: GET Request: /events/next [] []
[2017-11-09 13:25:13] my_logger.INFO: Get Request: /locations/1 [] []
[2017-11-09 13:25:27] my_logger.INFO: GET Request: /events/next [] []
[2017-11-09 13:25:27] my_logger.INFO: Get Request: /locations/1 [] []
[2017-11-09 13:35:09] my_logger.INFO: GET Request: /events/next [] []
[2017-11-09 13:35:10] my_logger.INFO: Get Request: /locations/1 [] []
[2017-11-09 13:41:35] my_logger.INFO: GET Request: /events/next [] []
[2017-11-09 13:41:35] my_logger.INFO: Get Request: /locations/1 [] []
[2017-11-09 13:44:09] my_logger.INFO: GET Request: /events/next [] []
[2017-11-09 13:44:09] my_logger.INFO: Get Request: /locations/1 [] []
[2017-11-09 13:53:02] my_logger.INFO: GET Request: /events/next [] []
[2017-11-09 13:53:02] my_logger.INFO: Get Request: /locations/1 [] []
[2017-11-09 13:53:03] my_logger.INFO: GET Request: /events/next [] []
[2017-11-09 13:53:03] my_logger.INFO: Get Request: /locations/1 [] []
[2017-11-09 13:53:05] my_logger.INFO: GET Request: /events/next [] []
[2017-11-09 13:53:05] my_logger.INFO: Get Request: /locations/1 [] []
[2017-11-09 13:53:06] my_logger.INFO: GET Request: /events/next [] []
[2017-11-09 13:53:06] my_logger.INFO: Get Request: /locations/1 [] []
[2017-11-09 13:53:07] my_logger.INFO: GET Request: /events/next [] []
[2017-11-09 13:53:07] my_logger.INFO: Get Request: /locations/1 [] []
[2017-11-09 13:53:20] my_logger.INFO: GET Request: /events/next [] []
[2017-11-09 13:53:20] my_logger.INFO: Get Request: /locations/1 [] []
[2017-11-09 13:53:21] my_logger.INFO: GET Request: /events/next [] []
[2017-11-09 13:53:21] my_logger.INFO: Get Request: /locations/1 [] []
[2017-11-09 16:59:49] my_logger.INFO: GET Request: /events/next [] []
[2017-11-09 16:59:49] my_logger.INFO: Get Request: /locations/1 [] []
[2017-11-09 19:54:31] my_logger.INFO: GET Request: /events/next [] []
[2017-11-09 19:54:31] my_logger.INFO: Get Request: /locations/1 [] []
[2017-11-09 22:07:03] my_logger.INFO: GET Request: /events/next [] []
[2017-11-09 22:07:03] my_logger.INFO: Get Request: /locations/1 [] []
[2017-11-09 22:07:27] my_logger.INFO: GET Request: /events/next [] []
[2017-11-09 22:07:27] my_logger.INFO: Get Request: /locations/1 [] []
[2017-11-09 22:07:55] my_logger.INFO: GET Request: /events/next [] []
[2017-11-09 22:07:56] my_logger.INFO: Get Request: /locations/1 [] []
[2017-11-09 22:08:11] my_logger.INFO: GET Request: /events/next [] []
[2017-11-09 22:08:11] my_logger.INFO: Get Request: /locations/1 [] []
[2017-11-09 22:08:14] my_logger.INFO: GET Request: /events/next [] []
[2017-11-09 22:08:14] my_logger.INFO: Get Request: /locations/1 [] []
[2017-11-09 22:23:38] my_logger.INFO: GET Request: /events/next [] []
[2017-11-09 22:23:39] my_logger.INFO: Get Request: /locations/1 [] []
[2017-11-09 22:23:45] my_logger.INFO: GET Request: /events/next [] []
[2017-11-09 22:23:45] my_logger.INFO: Get Request: /locations/1 [] []
[2017-11-09 22:23:47] my_logger.INFO: GET Request: /events/next [] []
[2017-11-09 22:23:47] my_logger.INFO: Get Request: /locations/1 [] []
[2017-11-09 22:29:34] my_logger.INFO: GET Request: /events/next [] []
[2017-11-09 22:29:34] my_logger.INFO: Get Request: /locations/1 [] []
[2017-11-09 22:34:38] my_logger.INFO: GET Request: /events/next [] []
[2017-11-09 22:34:38] my_logger.INFO: Get Request: /locations/1 [] []
[2017-11-09 22:34:57] my_logger.INFO: GET Request: /events/next [] []
[2017-11-09 22:34:57] my_logger.INFO: Get Request: /locations/1 [] []
[2017-11-09 22:35:01] my_logger.INFO: GET Request: /events/next [] []
[2017-11-09 22:35:01] my_logger.INFO: Get Request: /locations/1 [] []
[2017-11-09 22:35:09] my_logger.INFO: GET Request: /events/next [] []
[2017-11-09 22:35:09] my_logger.INFO: Get Request: /locations/1 [] []
[2017-11-09 22:35:11] my_logger.INFO: GET Request: /events/next [] []
[2017-11-09 22:35:11] my_logger.INFO: Get Request: /locations/1 [] []
[2017-11-09 22:35:13] my_logger.INFO: GET Request: /events/next [] []
[2017-11-09 22:35:13] my_logger.INFO: Get Request: /locations/1 [] []
[2017-11-09 22:42:47] my_logger.INFO: GET Request: /events/next [] []
[2017-11-09 22:42:47] my_logger.INFO: Get Request: /locations/1 [] []
[2017-11-09 22:44:07] my_logger.INFO: GET Request: /events/next [] []
[2017-11-09 22:44:07] my_logger.INFO: Get Request: /locations/1 [] []
[2017-11-09 22:45:46] my_logger.INFO: GET Request: /events/next [] []
[2017-11-09 22:45:46] my_logger.INFO: Get Request: /locations/1 [] []
[2017-11-09 22:50:48] my_logger.INFO: GET Request: /events/next [] []
[2017-11-09 22:50:48] my_logger.INFO: Get Request: /locations/1 [] []
[2017-11-09 22:52:20] my_logger.INFO: GET Request: /events/next [] []
[2017-11-09 22:52:20] my_logger.INFO: Get Request: /locations/1 [] []
[2017-11-09 22:53:10] my_logger.INFO: GET Request: /events/next [] []
[2017-11-09 22:53:10] my_logger.INFO: Get Request: /locations/1 [] []
[2017-11-09 22:53:38] my_logger.INFO: GET Request: /events/next [] []
[2017-11-09 22:53:38] my_logger.INFO: Get Request: /locations/1 [] []
[2017-11-09 22:53:57] my_logger.INFO: GET Request: /events/next [] []
[2017-11-09 22:53:57] my_logger.INFO: Get Request: /locations/1 [] []
[2017-11-09 22:55:02] my_logger.INFO: GET Request: /events/next [] []
[2017-11-09 22:55:02] my_logger.INFO: Get Request: /locations/1 [] []
[2017-11-09 22:55:20] my_logger.INFO: GET Request: /events/next [] []
[2017-11-09 22:55:20] my_logger.INFO: Get Request: /locations/1 [] []
[2017-11-09 22:58:22] my_logger.INFO: GET Request: /events/next [] []
[2017-11-09 22:58:22] my_logger.INFO: Get Request: /locations/1 [] []
[2017-11-09 23:03:38] my_logger.INFO: GET Request: /events/next [] []
[2017-11-09 23:03:39] my_logger.INFO: Get Request: /locations/1 [] []
[2017-11-10 12:12:08] my_logger.INFO: GET Request: /events/next [] []
[2017-11-10 12:12:08] my_logger.INFO: Get Request: /locations/1 [] []
[2017-11-10 12:12:12] my_logger.INFO: GET Request: /events/next [] []
[2017-11-10 12:12:12] my_logger.INFO: Get Request: /locations/1 [] []
[2017-11-10 12:12:14] my_logger.INFO: GET Request: /events/next [] []
[2017-11-10 12:12:14] my_logger.INFO: Get Request: /locations/1 [] []
[2017-11-10 12:12:16] my_logger.INFO: GET Request: /events/next [] []
[2017-11-10 12:12:16] my_logger.INFO: Get Request: /locations/1 [] []
[2017-11-10 12:12:17] my_logger.INFO: GET Request: /events/next [] []
[2017-11-10 12:12:17] my_logger.INFO: Get Request: /locations/1 [] []
[2017-11-10 12:12:44] my_logger.INFO: GET Request: /events/next [] []
[2017-11-10 12:12:44] my_logger.INFO: Get Request: /locations/1 [] []
[2017-11-10 12:13:23] my_logger.INFO: GET Request: /events/next [] []
[2017-11-10 12:13:23] my_logger.INFO: Get Request: /locations/1 [] []
[2017-11-10 12:15:36] my_logger.INFO: GET Request: /events/next [] []
[2017-11-10 12:15:36] my_logger.INFO: Get Request: /locations/1 [] []
[2017-11-10 12:16:25] my_logger.INFO: GET Request: /events/next [] []
[2017-11-10 12:16:25] my_logger.INFO: Get Request: /locations/1 [] []
[2017-11-10 12:16:32] my_logger.INFO: GET Request: /events/next [] []
[2017-11-10 12:16:32] my_logger.INFO: Get Request: /locations/1 [] []
[2017-11-10 12:23:21] my_logger.INFO: GET Request: /events/next [] []
[2017-11-10 12:23:21] my_logger.INFO: Get Request: /locations/1 [] []
[2017-11-10 12:26:57] my_logger.INFO: GET Request: /events/next [] []
[2017-11-10 12:27:11] my_logger.INFO: Get Request: /locations/1 [] []
[2017-11-10 12:27:16] my_logger.INFO: GET Request: /events/next [] []
[2017-11-10 12:27:16] my_logger.INFO: Get Request: /locations/1 [] []
[2017-11-10 12:27:18] my_logger.INFO: GET Request: /events/next [] []
[2017-11-10 12:27:18] my_logger.INFO: Get Request: /locations/1 [] []
[2017-11-10 12:27:21] my_logger.INFO: GET Request: /events/next [] []
[2017-11-10 12:27:21] my_logger.INFO: Get Request: /locations/1 [] []
[2017-11-10 12:27:25] my_logger.INFO: GET Request: /events/next [] []
[2017-11-10 12:27:25] my_logger.INFO: Get Request: /locations/1 [] []
[2017-11-10 12:29:33] my_logger.INFO: GET Request: /events/next [] []
[2017-11-10 12:29:33] my_logger.INFO: Get Request: /locations/1 [] []
[2017-11-10 12:34:51] my_logger.INFO: GET Request: /events/next [] []
[2017-11-10 12:34:51] my_logger.INFO: Get Request: /locations/1 [] []
[2017-11-10 12:36:33] my_logger.INFO: GET Request: /events/next [] []
[2017-11-10 12:36:33] my_logger.INFO: Get Request: /locations/1 [] []
[2017-11-10 12:37:22] my_logger.INFO: GET Request: /events/next [] []
[2017-11-10 12:37:22] my_logger.INFO: Get Request: /locations/1 [] []
[2017-11-10 12:47:27] my_logger.INFO: GET Request: /events/next [] []
[2017-11-10 12:47:27] my_logger.INFO: Get Request: /locations/1 [] []
[2017-11-10 12:47:34] my_logger.INFO: GET Request: /events/next [] []
[2017-11-10 12:47:34] my_logger.INFO: Get Request: /locations/1 [] []
[2017-11-10 12:47:59] my_logger.INFO: GET Request: /events/next [] []
[2017-11-10 12:47:59] my_logger.INFO: Get Request: /locations/1 [] []
[2017-11-10 12:54:16] my_logger.INFO: GET Request: /events/next [] []
[2017-11-10 12:54:16] my_logger.INFO: Get Request: /locations/1 [] []
[2017-11-10 12:55:37] my_logger.INFO: GET Request: /events/next [] []
[2017-11-10 12:55:37] my_logger.INFO: Get Request: /locations/1 [] []
[2017-11-10 12:59:59] my_logger.INFO: GET Request: /events/next [] []
[2017-11-10 12:59:59] my_logger.INFO: Get Request: /locations/1 [] []
[2017-11-10 13:07:02] my_logger.INFO: GET Request: /events/next [] []
[2017-11-10 13:07:03] my_logger.INFO: Get Request: /locations/1 [] []
[2017-11-10 13:07:08] my_logger.INFO: GET Request: /events/next [] []
[2017-11-10 13:07:08] my_logger.INFO: Get Request: /locations/1 [] []
[2017-11-10 13:08:51] my_logger.INFO: GET Request: /events/next [] []
[2017-11-10 13:08:51] my_logger.INFO: Get Request: /locations/1 [] []
[2017-11-10 13:10:39] my_logger.INFO: GET Request: /events/next [] []
[2017-11-10 13:10:39] my_logger.INFO: Get Request: /locations/1 [] []
[2017-11-10 13:22:28] my_logger.INFO: GET Request: /events/next [] []
[2017-11-10 13:22:28] my_logger.INFO: Get Request: /locations/1 [] []
[2017-11-10 13:22:30] my_logger.INFO: GET Request: /events/next [] []
[2017-11-10 13:22:30] my_logger.INFO: Get Request: /locations/1 [] []
[2017-11-10 13:22:32] my_logger.INFO: GET Request: /events/next [] []
[2017-11-10 13:22:32] my_logger.INFO: Get Request: /locations/1 [] []
[2017-11-10 13:22:34] my_logger.INFO: GET Request: /events/next [] []
[2017-11-10 13:22:34] my_logger.INFO: Get Request: /locations/1 [] []
[2017-11-10 13:22:36] my_logger.INFO: GET Request: /events/next [] []
[2017-11-10 13:22:36] my_logger.INFO: Get Request: /locations/1 [] []
[2017-11-10 13:22:38] my_logger.INFO: GET Request: /events/next [] []
[2017-11-10 13:22:38] my_logger.INFO: Get Request: /locations/1 [] []
[2017-11-10 13:22:42] my_logger.INFO: GET Request: /events/next [] []
[2017-11-10 13:22:42] my_logger.INFO: Get Request: /locations/1 [] []
[2017-11-10 13:23:13] my_logger.INFO: GET Request: /events/next [] []
[2017-11-10 13:23:13] my_logger.INFO: Get Request: /locations/1 [] []
[2017-11-10 13:23:56] my_logger.INFO: GET Request: /events/next [] []
[2017-11-10 13:23:56] my_logger.INFO: Get Request: /locations/1 [] []
[2017-11-10 13:24:19] my_logger.INFO: GET Request: /events/next [] []
[2017-11-10 13:24:19] my_logger.INFO: Get Request: /locations/1 [] []
[2017-11-10 13:25:12] my_logger.INFO: GET Request: /events/next [] []
[2017-11-10 13:25:12] my_logger.INFO: Get Request: /locations/1 [] []
[2017-11-10 13:25:15] my_logger.INFO: GET Request: /events/next [] []
[2017-11-10 13:25:15] my_logger.INFO: Get Request: /locations/1 [] []
[2017-11-10 13:25:22] my_logger.INFO: GET Request: /events/next [] []
[2017-11-10 13:25:22] my_logger.INFO: Get Request: /locations/1 [] []
[2017-11-10 13:25:24] my_logger.INFO: GET Request: /events/next [] []
[2017-11-10 13:25:24] my_logger.INFO: Get Request: /locations/1 [] []
[2017-11-10 13:25:26] my_logger.INFO: GET Request: /events/next [] []
[2017-11-10 13:25:26] my_logger.INFO: Get Request: /locations/1 [] []
[2017-11-10 13:25:28] my_logger.INFO: GET Request: /events/next [] []
[2017-11-10 13:25:28] my_logger.INFO: Get Request: /locations/1 [] []
[2017-11-10 13:25:32] my_logger.INFO: GET Request: /events/next [] []
[2017-11-10 13:25:32] my_logger.INFO: Get Request: /locations/1 [] []
[2017-11-10 13:28:49] my_logger.INFO: GET Request: /events/next [] []
[2017-11-10 13:28:49] my_logger.INFO: Get Request: /locations/1 [] []
[2017-11-10 13:28:52] my_logger.INFO: GET Request: /events/next [] []
[2017-11-10 13:28:52] my_logger.INFO: Get Request: /locations/1 [] []
[2017-11-10 13:28:53] my_logger.INFO: GET Request: /events/next [] []
[2017-11-10 13:28:53] my_logger.INFO: Get Request: /locations/1 [] []
[2017-11-10 13:28:54] my_logger.INFO: GET Request: /events/next [] []
[2017-11-10 13:28:54] my_logger.INFO: Get Request: /locations/1 [] []
[2017-11-10 13:28:55] my_logger.INFO: GET Request: /events/next [] []
[2017-11-10 13:28:55] my_logger.INFO: Get Request: /locations/1 [] []
[2017-11-11 15:54:16] my_logger.INFO: GET Request: /events/next [] []
[2017-11-11 15:54:17] my_logger.INFO: Get Request: /locations/1 [] []
[2017-11-11 15:58:13] my_logger.INFO: GET Request: /events/next [] []
[2017-11-11 15:58:13] my_logger.INFO: Get Request: /locations/1 [] []
[2017-11-11 15:58:15] my_logger.INFO: GET Request: /events/next [] []
[2017-11-11 15:58:15] my_logger.INFO: Get Request: /locations/1 [] []
[2017-11-11 15:58:19] my_logger.INFO: GET Request: /events/next [] []
[2017-11-11 15:58:19] my_logger.INFO: Get Request: /locations/1 [] []
[2017-11-11 15:58:55] my_logger.INFO: GET Request: /events/next [] []
[2017-11-11 15:58:55] my_logger.INFO: Get Request: /locations/1 [] []
[2017-11-11 16:15:03] my_logger.INFO: GET Request: /events/next [] []
[2017-11-11 16:15:04] my_logger.INFO: Get Request: /locations/1 [] []
[2017-11-11 16:15:08] my_logger.INFO: GET Request: /events/next [] []
[2017-11-11 16:15:08] my_logger.INFO: Get Request: /locations/1 [] []
[2017-11-11 16:15:10] my_logger.INFO: GET Request: /events/next [] []
[2017-11-11 16:15:10] my_logger.INFO: Get Request: /locations/1 [] []
[2017-11-11 16:15:13] my_logger.INFO: GET Request: /events/next [] []
[2017-11-11 16:15:13] my_logger.INFO: Get Request: /locations/1 [] []
[2017-11-11 16:15:39] my_logger.INFO: GET Request: /events/next [] []
[2017-11-11 16:15:39] my_logger.INFO: Get Request: /locations/1 [] []
[2017-11-11 16:22:40] my_logger.INFO: GET Request: /events [] []
[2017-11-11 16:22:40] my_logger.INFO: Get Request: /locations/1 [] []
[2017-11-11 16:22:40] my_logger.INFO: Get Request: /locations/2 [] []
[2017-11-11 16:22:40] my_logger.INFO: Get Request: /locations/3 [] []
[2017-11-11 16:24:59] my_logger.INFO: GET Request: /events [] []
[2017-11-11 16:24:59] my_logger.INFO: Get Request: /locations/1 [] []
[2017-11-11 16:24:59] my_logger.INFO: Get Request: /locations/2 [] []
[2017-11-11 16:24:59] my_logger.INFO: Get Request: /locations/3 [] []
[2017-11-11 16:25:09] my_logger.INFO: GET Request: /events [] []
[2017-11-11 16:25:09] my_logger.INFO: Get Request: /locations/1 [] []
[2017-11-11 16:25:09] my_logger.INFO: Get Request: /locations/3 [] []
[2017-11-11 16:25:09] my_logger.INFO: Get Request: /locations/2 [] []
[2017-11-11 16:25:56] my_logger.INFO: GET Request: /events [] []
[2017-11-11 16:25:56] my_logger.INFO: Get Request: /locations/2 [] []
[2017-11-11 16:25:56] my_logger.INFO: Get Request: /locations/3 [] []
[2017-11-11 16:25:56] my_logger.INFO: Get Request: /locations/1 [] []
[2017-11-11 16:26:16] my_logger.INFO: GET Request: /events [] []
[2017-11-11 16:26:16] my_logger.INFO: Get Request: /locations/2 [] []
[2017-11-11 16:26:16] my_logger.INFO: Get Request: /locations/1 [] []
[2017-11-11 16:26:16] my_logger.INFO: Get Request: /locations/3 [] []
[2017-11-11 16:27:26] my_logger.INFO: GET Request: /events [] []
[2017-11-11 16:27:26] my_logger.INFO: Get Request: /locations/1 [] []
[2017-11-11 16:27:26] my_logger.INFO: Get Request: /locations/2 [] []
[2017-11-11 16:27:26] my_logger.INFO: Get Request: /locations/3 [] []
[2017-11-11 16:29:05] my_logger.INFO: GET Request: /events [] []
[2017-11-11 16:29:05] my_logger.INFO: Get Request: /locations/1 [] []
[2017-11-11 16:29:05] my_logger.INFO: Get Request: /locations/3 [] []
[2017-11-11 16:29:05] my_logger.INFO: Get Request: /locations/2 [] []
[2017-11-11 16:30:18] my_logger.INFO: GET Request: /events [] []
[2017-11-11 16:30:18] my_logger.INFO: Get Request: /locations/1 [] []
[2017-11-11 16:30:18] my_logger.INFO: Get Request: /locations/3 [] []
[2017-11-11 16:30:18] my_logger.INFO: Get Request: /locations/2 [] []
[2017-11-11 16:30:31] my_logger.INFO: GET Request: /events [] []
[2017-11-11 16:30:31] my_logger.INFO: Get Request: /locations/1 [] []
[2017-11-11 16:30:31] my_logger.INFO: Get Request: /locations/3 [] []
[2017-11-11 16:30:31] my_logger.INFO: Get Request: /locations/2 [] []
[2017-11-11 17:36:58] my_logger.INFO: GET Request: /events [] []
[2017-11-11 17:36:58] my_logger.INFO: Get Request: /locations/1 [] []
[2017-11-11 17:36:58] my_logger.INFO: Get Request: /locations/2 [] []
[2017-11-11 17:36:58] my_logger.INFO: Get Request: /locations/3 [] []
[2017-11-11 17:37:34] my_logger.INFO: GET Request: /events [] []
[2017-11-11 17:37:34] my_logger.INFO: Get Request: /locations/3 [] []
[2017-11-11 17:37:34] my_logger.INFO: Get Request: /locations/2 [] []
[2017-11-11 17:37:34] my_logger.INFO: Get Request: /locations/1 [] []
[2017-11-11 17:39:20] my_logger.INFO: GET Request: /events [] []
[2017-11-11 17:39:20] my_logger.INFO: Get Request: /locations/2 [] []
[2017-11-11 17:39:20] my_logger.INFO: Get Request: /locations/1 [] []
[2017-11-11 17:39:20] my_logger.INFO: Get Request: /locations/3 [] []
[2017-11-11 17:39:35] my_logger.INFO: GET Request: /events [] []
[2017-11-11 17:39:36] my_logger.INFO: Get Request: /locations/1 [] []
[2017-11-11 17:39:36] my_logger.INFO: Get Request: /locations/2 [] []
[2017-11-11 17:39:36] my_logger.INFO: Get Request: /locations/3 [] []
[2017-11-11 17:41:51] my_logger.INFO: GET Request: /events [] []
[2017-11-11 17:41:51] my_logger.INFO: Get Request: /locations/1 [] []
[2017-11-11 17:41:51] my_logger.INFO: Get Request: /locations/3 [] []
[2017-11-11 17:41:51] my_logger.INFO: Get Request: /locations/2 [] []
[2017-11-11 17:41:53] my_logger.INFO: GET Request: /events/next [] []
[2017-11-11 17:41:53] my_logger.INFO: Get Request: /locations/1 [] []
[2017-11-11 17:41:53] my_logger.INFO: GET Request: /events/next [] []
[2017-11-11 17:41:53] my_logger.INFO: Get Request: /locations/1 [] []
[2017-11-11 17:42:18] my_logger.INFO: GET Request: /events [] []
[2017-11-11 17:42:18] my_logger.INFO: Get Request: /locations/3 [] []
[2017-11-11 17:42:18] my_logger.INFO: Get Request: /locations/1 [] []
[2017-11-11 17:42:18] my_logger.INFO: Get Request: /locations/2 [] []
[2017-11-11 17:42:27] my_logger.INFO: GET Request: /events/next [] []
[2017-11-11 17:42:27] my_logger.INFO: GET Request: /events/next [] []
[2017-11-11 17:42:27] my_logger.INFO: Get Request: /locations/1 [] []
[2017-11-11 17:42:27] my_logger.INFO: Get Request: /locations/1 [] []
[2017-11-11 17:44:07] my_logger.INFO: GET Request: /events/next [] []
[2017-11-11 17:44:07] my_logger.INFO: GET Request: /events/next [] []
[2017-11-11 17:44:07] my_logger.INFO: Get Request: /locations/1 [] []
[2017-11-11 17:44:07] my_logger.INFO: Get Request: /locations/1 [] []
[2017-11-11 17:44:17] my_logger.INFO: GET Request: /events/next [] []
[2017-11-11 17:44:17] my_logger.INFO: GET Request: /events/next [] []
[2017-11-11 17:44:17] my_logger.INFO: Get Request: /locations/1 [] []
[2017-11-11 17:44:17] my_logger.INFO: Get Request: /locations/1 [] []
[2017-11-11 17:44:27] my_logger.INFO: GET Request: /events/next [] []
[2017-11-11 17:44:27] my_logger.INFO: GET Request: /events/next [] []
[2017-11-11 17:44:27] my_logger.INFO: Get Request: /locations/1 [] []
[2017-11-11 17:44:27] my_logger.INFO: Get Request: /locations/1 [] []
[2017-11-11 17:45:52] my_logger.INFO: GET Request: /events/next [] []
[2017-11-11 17:45:54] my_logger.INFO: Get Request: /locations/1 [] []
[2017-11-11 17:46:41] my_logger.INFO: GET Request: /events/next [] []
[2017-11-11 17:50:32] my_logger.INFO: Get Request: /locations/1 [] []
[2017-11-11 17:50:37] my_logger.INFO: GET Request: /events/next [] []
[2017-11-11 17:50:37] my_logger.INFO: Get Request: /locations/1 [] []
[2017-11-11 17:51:09] my_logger.INFO: GET Request: /events/next [] []
[2017-11-11 17:51:09] my_logger.INFO: Get Request: /locations/1 [] []
[2017-11-11 17:51:37] my_logger.INFO: GET Request: /events/next [] []
[2017-11-11 17:51:37] my_logger.INFO: Get Request: /locations/1 [] []
[2017-11-11 17:52:19] my_logger.INFO: GET Request: /events [] []
[2017-11-11 17:52:19] my_logger.INFO: Get Request: /locations/1 [] []
[2017-11-11 17:52:19] my_logger.INFO: Get Request: /locations/2 [] []
[2017-11-11 17:52:19] my_logger.INFO: Get Request: /locations/3 [] []
[2017-11-11 17:52:22] my_logger.INFO: GET Request: /events/next [] []
[2017-11-11 17:52:22] my_logger.INFO: Get Request: /locations/1 [] []
[2017-11-11 17:53:01] my_logger.INFO: GET Request: /events/next [] []
[2017-11-11 17:53:01] my_logger.INFO: Get Request: /locations/1 [] []
[2017-11-11 17:53:48] my_logger.INFO: GET Request: /events [] []
[2017-11-11 17:53:48] my_logger.INFO: Get Request: /locations/2 [] []
[2017-11-11 17:53:48] my_logger.INFO: Get Request: /locations/1 [] []
[2017-11-11 17:53:48] my_logger.INFO: Get Request: /locations/3 [] []
[2017-11-11 17:54:22] my_logger.INFO: GET Request: /events [] []
[2017-11-11 17:54:22] my_logger.INFO: Get Request: /locations/1 [] []
[2017-11-11 17:54:22] my_logger.INFO: Get Request: /locations/3 [] []
[2017-11-11 17:54:22] my_logger.INFO: Get Request: /locations/2 [] []
[2017-11-11 17:54:24] my_logger.INFO: GET Request: /events/next [] []
[2017-11-11 17:54:24] my_logger.INFO: Get Request: /locations/1 [] []
[2017-11-11 17:54:25] my_logger.INFO: GET Request: /events [] []
[2017-11-11 17:54:25] my_logger.INFO: Get Request: /locations/1 [] []
[2017-11-11 17:54:25] my_logger.INFO: Get Request: /locations/2 [] []
[2017-11-11 17:54:25] my_logger.INFO: Get Request: /locations/3 [] []
[2017-11-11 17:54:40] my_logger.INFO: GET Request: /events [] []
[2017-11-11 17:54:40] my_logger.INFO: Get Request: /locations/2 [] []
[2017-11-11 17:54:40] my_logger.INFO: Get Request: /locations/1 [] []
[2017-11-11 17:54:40] my_logger.INFO: Get Request: /locations/3 [] []
[2017-11-11 17:54:55] my_logger.INFO: GET Request: /events [] []
[2017-11-11 17:54:55] my_logger.INFO: Get Request: /locations/2 [] []
[2017-11-11 17:54:55] my_logger.INFO: Get Request: /locations/3 [] []
[2017-11-11 17:54:55] my_logger.INFO: Get Request: /locations/1 [] []
[2017-11-11 17:55:11] my_logger.INFO: GET Request: /events [] []
[2017-11-11 17:55:11] my_logger.INFO: Get Request: /locations/2 [] []
[2017-11-11 17:55:11] my_logger.INFO: Get Request: /locations/1 [] []
[2017-11-11 17:55:11] my_logger.INFO: Get Request: /locations/3 [] []
[2017-11-11 17:56:29] my_logger.INFO: GET Request: /events [] []
[2017-11-11 17:56:29] my_logger.INFO: Get Request: /locations/1 [] []
[2017-11-11 17:56:29] my_logger.INFO: Get Request: /locations/3 [] []
[2017-11-11 17:56:29] my_logger.INFO: Get Request: /locations/2 [] []
[2017-11-11 17:56:58] my_logger.INFO: GET Request: /events [] []
[2017-11-11 17:56:58] my_logger.INFO: Get Request: /locations/2 [] []
[2017-11-11 17:56:58] my_logger.INFO: Get Request: /locations/3 [] []
[2017-11-11 17:56:58] my_logger.INFO: Get Request: /locations/1 [] []
[2017-11-11 17:57:32] my_logger.INFO: GET Request: /events [] []
[2017-11-11 17:57:32] my_logger.INFO: Get Request: /locations/1 [] []
[2017-11-11 17:57:32] my_logger.INFO: Get Request: /locations/2 [] []
[2017-11-11 17:57:32] my_logger.INFO: Get Request: /locations/3 [] []
[2017-11-11 17:57:44] my_logger.INFO: GET Request: /events [] []
[2017-11-11 17:57:44] my_logger.INFO: Get Request: /locations/2 [] []
[2017-11-11 17:57:44] my_logger.INFO: Get Request: /locations/3 [] []
[2017-11-11 17:57:44] my_logger.INFO: Get Request: /locations/1 [] []
[2017-11-11 17:58:11] my_logger.INFO: GET Request: /events [] []
[2017-11-11 17:58:11] my_logger.INFO: Get Request: /locations/3 [] []
[2017-11-11 17:58:11] my_logger.INFO: Get Request: /locations/1 [] []
[2017-11-11 17:58:11] my_logger.INFO: Get Request: /locations/2 [] []
[2017-11-11 17:58:26] my_logger.INFO: GET Request: /events [] []
[2017-11-11 17:58:26] my_logger.INFO: Get Request: /locations/2 [] []
[2017-11-11 17:58:26] my_logger.INFO: Get Request: /locations/1 [] []
[2017-11-11 17:58:26] my_logger.INFO: Get Request: /locations/3 [] []
[2017-11-11 17:59:01] my_logger.INFO: GET Request: /events [] []
[2017-11-11 17:59:01] my_logger.INFO: Get Request: /locations/2 [] []
[2017-11-11 17:59:01] my_logger.INFO: Get Request: /locations/1 [] []
[2017-11-11 17:59:01] my_logger.INFO: Get Request: /locations/3 [] []
[2017-11-11 18:00:08] my_logger.INFO: GET Request: /events [] []
[2017-11-11 18:00:08] my_logger.INFO: Get Request: /locations/1 [] []
[2017-11-11 18:00:08] my_logger.INFO: Get Request: /locations/2 [] []
[2017-11-11 18:00:08] my_logger.INFO: Get Request: /locations/3 [] []
[2017-11-11 18:00:25] my_logger.INFO: GET Request: /events [] []
[2017-11-11 18:00:25] my_logger.INFO: Get Request: /locations/1 [] []
[2017-11-11 18:00:25] my_logger.INFO: Get Request: /locations/2 [] []
[2017-11-11 18:00:25] my_logger.INFO: Get Request: /locations/3 [] []
[2017-11-11 18:00:59] my_logger.INFO: GET Request: /events [] []
[2017-11-11 18:00:59] my_logger.INFO: Get Request: /locations/1 [] []
[2017-11-11 18:00:59] my_logger.INFO: Get Request: /locations/2 [] []
[2017-11-11 18:00:59] my_logger.INFO: Get Request: /locations/3 [] []
[2017-11-11 18:01:57] my_logger.INFO: GET Request: /events [] []
[2017-11-11 18:01:58] my_logger.INFO: Get Request: /locations/3 [] []
[2017-11-11 18:01:58] my_logger.INFO: Get Request: /locations/1 [] []
[2017-11-11 18:01:58] my_logger.INFO: Get Request: /locations/2 [] []
[2017-11-11 18:02:09] my_logger.INFO: GET Request: /events [] []
[2017-11-11 18:02:09] my_logger.INFO: Get Request: /locations/2 [] []
[2017-11-11 18:02:09] my_logger.INFO: Get Request: /locations/3 [] []
[2017-11-11 18:02:09] my_logger.INFO: Get Request: /locations/1 [] []
[2017-11-11 18:02:33] my_logger.INFO: GET Request: /events [] []
[2017-11-11 18:02:33] my_logger.INFO: Get Request: /locations/2 [] []
[2017-11-11 18:02:33] my_logger.INFO: Get Request: /locations/1 [] []
[2017-11-11 18:02:33] my_logger.INFO: Get Request: /locations/3 [] []
[2017-11-11 18:02:45] my_logger.INFO: GET Request: /events [] []
[2017-11-11 18:02:46] my_logger.INFO: Get Request: /locations/1 [] []
[2017-11-11 18:02:46] my_logger.INFO: Get Request: /locations/2 [] []
[2017-11-11 18:02:46] my_logger.INFO: Get Request: /locations/3 [] []
[2017-11-11 18:03:43] my_logger.INFO: GET Request: /events [] []
[2017-11-11 18:03:43] my_logger.INFO: Get Request: /locations/1 [] []
[2017-11-11 18:03:43] my_logger.INFO: Get Request: /locations/2 [] []
[2017-11-11 18:03:43] my_logger.INFO: Get Request: /locations/3 [] []
[2017-11-11 18:04:10] my_logger.INFO: GET Request: /events [] []
[2017-11-11 18:04:10] my_logger.INFO: Get Request: /locations/1 [] []
[2017-11-11 18:04:10] my_logger.INFO: Get Request: /locations/2 [] []
[2017-11-11 18:04:10] my_logger.INFO: Get Request: /locations/3 [] []
[2017-11-11 18:05:03] my_logger.INFO: GET Request: /events [] []
[2017-11-11 18:05:03] my_logger.INFO: Get Request: /locations/2 [] []
[2017-11-11 18:05:03] my_logger.INFO: Get Request: /locations/1 [] []
[2017-11-11 18:05:03] my_logger.INFO: Get Request: /locations/3 [] []
[2017-11-11 18:05:14] my_logger.INFO: GET Request: /events [] []
[2017-11-11 18:05:14] my_logger.INFO: Get Request: /locations/2 [] []
[2017-11-11 18:05:14] my_logger.INFO: Get Request: /locations/1 [] []
[2017-11-11 18:05:14] my_logger.INFO: Get Request: /locations/3 [] []
[2017-11-11 18:05:24] my_logger.INFO: GET Request: /events [] []
[2017-11-11 18:05:24] my_logger.INFO: Get Request: /locations/1 [] []
[2017-11-11 18:05:24] my_logger.INFO: Get Request: /locations/3 [] []
[2017-11-11 18:05:24] my_logger.INFO: Get Request: /locations/2 [] []
[2017-11-11 18:05:46] my_logger.INFO: GET Request: /events [] []
[2017-11-11 18:05:46] my_logger.INFO: Get Request: /locations/2 [] []
[2017-11-11 18:05:46] my_logger.INFO: Get Request: /locations/1 [] []
[2017-11-11 18:05:46] my_logger.INFO: Get Request: /locations/3 [] []
[2017-11-11 18:06:23] my_logger.INFO: GET Request: /events [] []
[2017-11-11 18:06:23] my_logger.INFO: Get Request: /locations/2 [] []
[2017-11-11 18:06:23] my_logger.INFO: Get Request: /locations/1 [] []
[2017-11-11 18:06:23] my_logger.INFO: Get Request: /locations/3 [] []
[2017-11-11 18:06:34] my_logger.INFO: GET Request: /events [] []
[2017-11-11 18:06:34] my_logger.INFO: Get Request: /locations/3 [] []
[2017-11-11 18:06:34] my_logger.INFO: Get Request: /locations/2 [] []
[2017-11-11 18:06:34] my_logger.INFO: Get Request: /locations/1 [] []
[2017-11-11 18:07:04] my_logger.INFO: GET Request: /events [] []
[2017-11-11 18:07:04] my_logger.INFO: Get Request: /locations/2 [] []
[2017-11-11 18:07:04] my_logger.INFO: Get Request: /locations/1 [] []
[2017-11-11 18:07:04] my_logger.INFO: Get Request: /locations/3 [] []
[2017-11-11 18:09:27] my_logger.INFO: GET Request: /events [] []
[2017-11-11 18:09:27] my_logger.INFO: Get Request: /locations/1 [] []
[2017-11-11 18:09:27] my_logger.INFO: Get Request: /locations/2 [] []
[2017-11-11 18:09:27] my_logger.INFO: Get Request: /locations/3 [] []
[2017-11-11 18:10:22] my_logger.INFO: GET Request: /events [] []
[2017-11-11 18:10:22] my_logger.INFO: Get Request: /locations/1 [] []
[2017-11-11 18:10:22] my_logger.INFO: Get Request: /locations/2 [] []
[2017-11-11 18:10:22] my_logger.INFO: Get Request: /locations/3 [] []
[2017-11-11 18:10:31] my_logger.INFO: GET Request: /events [] []
[2017-11-11 18:10:31] my_logger.INFO: Get Request: /locations/2 [] []
[2017-11-11 18:10:31] my_logger.INFO: Get Request: /locations/3 [] []
[2017-11-11 18:10:31] my_logger.INFO: Get Request: /locations/1 [] []
[2017-11-11 18:10:52] my_logger.INFO: GET Request: /events [] []
[2017-11-11 18:10:52] my_logger.INFO: Get Request: /locations/2 [] []
[2017-11-11 18:10:52] my_logger.INFO: Get Request: /locations/3 [] []
[2017-11-11 18:10:52] my_logger.INFO: Get Request: /locations/1 [] []
[2017-11-11 18:12:05] my_logger.INFO: GET Request: /events [] []
[2017-11-11 18:12:05] my_logger.INFO: Get Request: /locations/1 [] []
[2017-11-11 18:12:05] my_logger.INFO: Get Request: /locations/2 [] []
[2017-11-11 18:12:05] my_logger.INFO: Get Request: /locations/3 [] []
[2017-11-11 18:12:22] my_logger.INFO: GET Request: /events [] []
[2017-11-11 18:12:22] my_logger.INFO: Get Request: /locations/3 [] []
[2017-11-11 18:12:22] my_logger.INFO: Get Request: /locations/2 [] []
[2017-11-11 18:12:22] my_logger.INFO: Get Request: /locations/1 [] []
[2017-11-11 18:12:36] my_logger.INFO: GET Request: /events [] []
[2017-11-11 18:12:37] my_logger.INFO: Get Request: /locations/3 [] []
[2017-11-11 18:12:37] my_logger.INFO: Get Request: /locations/1 [] []
[2017-11-11 18:12:37] my_logger.INFO: Get Request: /locations/2 [] []
[2017-11-11 18:12:51] my_logger.INFO: GET Request: /events [] []
[2017-11-11 18:12:51] my_logger.INFO: Get Request: /locations/1 [] []
[2017-11-11 18:12:51] my_logger.INFO: Get Request: /locations/2 [] []
[2017-11-11 18:12:51] my_logger.INFO: Get Request: /locations/3 [] []
[2017-11-11 18:14:09] my_logger.INFO: GET Request: /events [] []
[2017-11-11 18:14:09] my_logger.INFO: Get Request: /locations/1 [] []
[2017-11-11 18:14:09] my_logger.INFO: Get Request: /locations/2 [] []
[2017-11-11 18:14:09] my_logger.INFO: Get Request: /locations/3 [] []
[2017-11-11 18:14:25] my_logger.INFO: GET Request: /events [] []
[2017-11-11 18:14:25] my_logger.INFO: Get Request: /locations/3 [] []
[2017-11-11 18:14:25] my_logger.INFO: Get Request: /locations/1 [] []
[2017-11-11 18:14:25] my_logger.INFO: Get Request: /locations/2 [] []
[2017-11-11 18:14:46] my_logger.INFO: GET Request: /events [] []
[2017-11-11 18:14:46] my_logger.INFO: Get Request: /locations/1 [] []
[2017-11-11 18:14:46] my_logger.INFO: Get Request: /locations/2 [] []
[2017-11-11 18:14:46] my_logger.INFO: Get Request: /locations/3 [] []
[2017-11-11 18:15:07] my_logger.INFO: GET Request: /events [] []
[2017-11-11 18:15:08] my_logger.INFO: Get Request: /locations/1 [] []
[2017-11-11 18:15:08] my_logger.INFO: Get Request: /locations/2 [] []
[2017-11-11 18:15:08] my_logger.INFO: Get Request: /locations/3 [] []
[2017-11-11 18:15:29] my_logger.INFO: GET Request: /events [] []
[2017-11-11 18:15:29] my_logger.INFO: Get Request: /locations/1 [] []
[2017-11-11 18:15:29] my_logger.INFO: Get Request: /locations/2 [] []
[2017-11-11 18:15:29] my_logger.INFO: Get Request: /locations/3 [] []
[2017-11-11 18:17:17] my_logger.INFO: GET Request: /events [] []
[2017-11-11 18:17:17] my_logger.INFO: Get Request: /locations/3 [] []
[2017-11-11 18:17:17] my_logger.INFO: Get Request: /locations/1 [] []
[2017-11-11 18:17:17] my_logger.INFO: Get Request: /locations/2 [] []
[2017-11-11 18:18:08] my_logger.INFO: GET Request: /events [] []
[2017-11-11 18:18:08] my_logger.INFO: Get Request: /locations/1 [] []
[2017-11-11 18:18:08] my_logger.INFO: Get Request: /locations/3 [] []
[2017-11-11 18:18:08] my_logger.INFO: Get Request: /locations/2 [] []
[2017-11-11 18:18:29] my_logger.INFO: GET Request: /events [] []
[2017-11-11 18:18:29] my_logger.INFO: Get Request: /locations/1 [] []
[2017-11-11 18:18:29] my_logger.INFO: Get Request: /locations/3 [] []
[2017-11-11 18:18:29] my_logger.INFO: Get Request: /locations/2 [] []
[2017-11-11 18:18:55] my_logger.INFO: GET Request: /events/next [] []
[2017-11-11 18:18:55] my_logger.INFO: Get Request: /locations/1 [] []
[2017-11-11 18:18:57] my_logger.INFO: GET Request: /events [] []
[2017-11-11 18:18:57] my_logger.INFO: Get Request: /locations/1 [] []
[2017-11-11 18:18:57] my_logger.INFO: Get Request: /locations/3 [] []
[2017-11-11 18:19:00] my_logger.INFO: GET Request: /events/next [] []
[2017-11-11 18:19:00] my_logger.INFO: Get Request: /locations/1 [] []
[2017-11-11 18:19:03] my_logger.INFO: GET Request: /events [] []
[2017-11-11 18:19:03] my_logger.INFO: Get Request: /locations/1 [] []
[2017-11-11 18:19:03] my_logger.INFO: Get Request: /locations/2 [] []
[2017-11-11 18:19:03] my_logger.INFO: Get Request: /locations/3 [] []
[2017-11-11 18:28:09] my_logger.INFO: GET Request: /events/next [] []
[2017-11-11 18:28:09] my_logger.INFO: Get Request: /locations/1 [] []
[2017-11-11 18:28:12] my_logger.INFO: GET Request: /events [] []
[2017-11-11 18:28:12] my_logger.INFO: Get Request: /locations/1 [] []
[2017-11-11 18:28:12] my_logger.INFO: Get Request: /locations/2 [] []
[2017-11-11 18:28:12] my_logger.INFO: Get Request: /locations/3 [] []
[2017-11-11 18:28:12] my_logger.INFO: GET Request: /events/next [] []
[2017-11-11 18:28:12] my_logger.INFO: Get Request: /locations/1 [] []
[2017-11-11 18:28:17] my_logger.INFO: GET Request: /events/next [] []
[2017-11-11 18:28:17] my_logger.INFO: Get Request: /locations/1 [] []
[2017-11-11 18:28:22] my_logger.INFO: GET Request: /events/next [] []
[2017-11-11 18:28:22] my_logger.INFO: Get Request: /locations/1 [] []
[2017-11-11 18:28:26] my_logger.INFO: GET Request: /events/next [] []
[2017-11-11 18:28:26] my_logger.INFO: Get Request: /locations/1 [] []
[2017-11-11 18:28:29] my_logger.INFO: GET Request: /events/next [] []
[2017-11-11 18:28:29] my_logger.INFO: Get Request: /locations/1 [] []
[2017-11-11 18:28:56] my_logger.INFO: GET Request: /events/next [] []
[2017-11-11 18:28:56] my_logger.INFO: Get Request: /locations/1 [] []
[2017-11-11 18:29:04] my_logger.INFO: GET Request: /events/next [] []
[2017-11-11 18:29:04] my_logger.INFO: Get Request: /locations/1 [] []
[2017-11-11 18:30:26] my_logger.INFO: GET Request: /events/next [] []
[2017-11-11 18:30:27] my_logger.INFO: GET Request: /events/next [] []
[2017-11-11 18:30:28] my_logger.INFO: Get Request: /locations/1 [] []
[2017-11-11 18:30:30] my_logger.INFO: GET Request: /events/next [] []
[2017-11-11 18:30:30] my_logger.INFO: Get Request: /locations/1 [] []
[2017-11-11 18:30:33] my_logger.INFO: GET Request: /events/next [] []
[2017-11-11 18:30:33] my_logger.INFO: Get Request: /locations/1 [] []
[2017-11-11 18:30:36] my_logger.INFO: GET Request: /events/next [] []
[2017-11-11 18:30:36] my_logger.INFO: Get Request: /locations/1 [] []
[2017-11-11 18:31:05] my_logger.INFO: GET Request: /events/next [] []
[2017-11-11 18:31:05] my_logger.INFO: Get Request: /locations/1 [] []
[2017-11-11 18:31:18] my_logger.INFO: GET Request: /events/next [] []
[2017-11-11 18:31:18] my_logger.INFO: Get Request: /locations/1 [] []
[2017-11-11 18:31:22] my_logger.INFO: GET Request: /events/next [] []
[2017-11-11 18:31:25] my_logger.INFO: Get Request: /locations/1 [] []
[2017-11-11 18:31:56] my_logger.INFO: GET Request: /events/next [] []
[2017-11-11 18:31:56] my_logger.INFO: Get Request: /locations/1 [] []
[2017-11-11 18:32:02] my_logger.INFO: GET Request: /events/next [] []
[2017-11-11 18:32:02] my_logger.INFO: Get Request: /locations/1 [] []
[2017-11-11 18:32:07] my_logger.INFO: GET Request: /events/next [] []
[2017-11-11 18:32:07] my_logger.INFO: Get Request: /locations/1 [] []
[2017-11-11 18:32:42] my_logger.INFO: GET Request: /events/next [] []
[2017-11-11 18:32:42] my_logger.INFO: Get Request: /locations/1 [] []
[2017-11-11 18:32:45] my_logger.INFO: GET Request: /events [] []
[2017-11-11 18:32:45] my_logger.INFO: Get Request: /locations/1 [] []
[2017-11-11 18:32:45] my_logger.INFO: Get Request: /locations/2 [] []
[2017-11-11 18:32:45] my_logger.INFO: Get Request: /locations/3 [] []
[2017-11-11 18:32:47] my_logger.INFO: GET Request: /events [] []
[2017-11-11 18:32:47] my_logger.INFO: Get Request: /locations/2 [] []
[2017-11-11 18:32:47] my_logger.INFO: Get Request: /locations/3 [] []
[2017-11-11 18:32:47] my_logger.INFO: Get Request: /locations/1 [] []
[2017-11-11 18:32:48] my_logger.INFO: GET Request: /events [] []
[2017-11-11 18:32:48] my_logger.INFO: Get Request: /locations/2 [] []
[2017-11-11 18:32:48] my_logger.INFO: Get Request: /locations/3 [] []
[2017-11-11 18:32:48] my_logger.INFO: Get Request: /locations/1 [] []
[2017-11-11 18:32:50] my_logger.INFO: GET Request: /events [] []
[2017-11-11 18:32:50] my_logger.INFO: Get Request: /locations/1 [] []
[2017-11-11 18:32:50] my_logger.INFO: Get Request: /locations/2 [] []
[2017-11-11 18:32:50] my_logger.INFO: Get Request: /locations/3 [] []
[2017-11-11 18:37:09] my_logger.INFO: GET Request: /events [] []
[2017-11-11 18:37:09] my_logger.INFO: Get Request: /locations/1 [] []
[2017-11-11 18:37:09] my_logger.INFO: Get Request: /locations/2 [] []
[2017-11-11 18:37:09] my_logger.INFO: Get Request: /locations/3 [] []
[2017-11-11 18:37:44] my_logger.INFO: GET Request: /events [] []
[2017-11-11 18:37:44] my_logger.INFO: Get Request: /locations/1 [] []
[2017-11-11 18:37:44] my_logger.INFO: Get Request: /locations/2 [] []
[2017-11-11 18:37:44] my_logger.INFO: Get Request: /locations/3 [] []
[2017-11-11 18:51:59] my_logger.INFO: GET Request: /events [] []
[2017-11-11 18:51:59] my_logger.INFO: Get Request: /locations/1 [] []
[2017-11-11 18:51:59] my_logger.INFO: Get Request: /locations/2 [] []
[2017-11-11 18:51:59] my_logger.INFO: Get Request: /locations/3 [] []
[2017-11-11 19:24:36] my_logger.INFO: GET Request: /events [] []
[2017-11-11 19:24:37] my_logger.INFO: Get Request: /locations/1 [] []
[2017-11-11 19:24:37] my_logger.INFO: Get Request: /locations/2 [] []
[2017-11-11 19:24:37] my_logger.INFO: Get Request: /locations/3 [] []
[2017-11-11 19:25:36] my_logger.INFO: GET Request: /events [] []
[2017-11-11 19:25:36] my_logger.INFO: Get Request: /locations/1 [] []
[2017-11-11 19:25:36] my_logger.INFO: Get Request: /locations/2 [] []
[2017-11-11 19:25:36] my_logger.INFO: Get Request: /locations/3 [] []
[2017-11-11 20:35:56] my_logger.INFO: GET Request: /events/next [] []
[2017-11-11 20:35:56] my_logger.INFO: Get Request: /locations/1 [] []
[2017-11-11 20:36:02] my_logger.INFO: GET Request: /events [] []
[2017-11-11 20:36:02] my_logger.INFO: Get Request: /locations/1 [] []
[2017-11-11 20:36:02] my_logger.INFO: Get Request: /locations/2 [] []
[2017-11-11 20:36:02] my_logger.INFO: Get Request: /locations/3 [] []
[2017-11-11 20:36:04] my_logger.INFO: GET Request: /events/next [] []
[2017-11-11 20:36:04] my_logger.INFO: Get Request: /locations/1 [] []
[2017-11-11 20:36:04] my_logger.INFO: GET Request: /events [] []
[2017-11-11 20:36:04] my_logger.INFO: Get Request: /locations/2 [] []
[2017-11-11 20:36:04] my_logger.INFO: Get Request: /locations/1 [] []
[2017-11-11 20:36:04] my_logger.INFO: Get Request: /locations/3 [] []
[2017-11-11 20:36:06] my_logger.INFO: GET Request: /events/next [] []
[2017-11-11 20:36:06] my_logger.INFO: Get Request: /locations/1 [] []
[2017-11-11 20:37:04] my_logger.INFO: GET Request: /events [] []
[2017-11-11 20:37:04] my_logger.INFO: Get Request: /locations/2 [] []
[2017-11-11 20:37:04] my_logger.INFO: Get Request: /locations/3 [] []
[2017-11-11 20:37:04] my_logger.INFO: Get Request: /locations/1 [] []
[2017-11-11 20:44:30] my_logger.INFO: GET Request: /events [] []
[2017-11-11 20:44:30] my_logger.INFO: Get Request: /locations/3 [] []
[2017-11-11 20:44:30] my_logger.INFO: Get Request: /locations/2 [] []
[2017-11-11 20:44:30] my_logger.INFO: Get Request: /locations/1 [] []
[2017-11-11 20:44:45] my_logger.INFO: GET Request: /events [] []
[2017-11-11 20:44:45] my_logger.INFO: Get Request: /locations/1 [] []
[2017-11-11 20:44:45] my_logger.INFO: Get Request: /locations/3 [] []
[2017-11-11 20:44:45] my_logger.INFO: Get Request: /locations/2 [] []
[2017-11-11 21:40:07] my_logger.INFO: GET Request: /events [] []
[2017-11-11 21:40:07] my_logger.INFO: Get Request: /locations/1 [] []
[2017-11-11 21:40:07] my_logger.INFO: Get Request: /locations/2 [] []
[2017-11-11 21:40:07] my_logger.INFO: Get Request: /locations/3 [] []
[2017-11-11 21:43:07] my_logger.INFO: GET Request: /events [] []
[2017-11-11 21:43:07] my_logger.INFO: Get Request: /locations/1 [] []
[2017-11-11 21:43:07] my_logger.INFO: Get Request: /locations/2 [] []
[2017-11-11 21:43:07] my_logger.INFO: Get Request: /locations/3 [] []
[2017-11-11 21:43:45] my_logger.INFO: GET Request: /events [] []
[2017-11-11 21:43:46] my_logger.INFO: Get Request: /locations/1 [] []
[2017-11-11 21:43:46] my_logger.INFO: Get Request: /locations/3 [] []
[2017-11-11 21:43:46] my_logger.INFO: Get Request: /locations/2 [] []
[2017-11-11 21:43:56] my_logger.INFO: GET Request: /events [] []
[2017-11-11 21:43:56] my_logger.INFO: Get Request: /locations/1 [] []
[2017-11-11 21:43:56] my_logger.INFO: Get Request: /locations/3 [] []
[2017-11-11 21:43:56] my_logger.INFO: Get Request: /locations/2 [] []
[2017-11-11 21:44:19] my_logger.INFO: GET Request: /events [] []
[2017-11-11 21:44:19] my_logger.INFO: Get Request: /locations/1 [] []
[2017-11-11 21:44:19] my_logger.INFO: Get Request: /locations/3 [] []
[2017-11-11 21:44:19] my_logger.INFO: Get Request: /locations/2 [] []
[2017-11-11 21:45:02] my_logger.INFO: GET Request: /events [] []
[2017-11-11 21:45:02] my_logger.INFO: Get Request: /locations/3 [] []
[2017-11-11 21:45:02] my_logger.INFO: Get Request: /locations/2 [] []
[2017-11-11 21:45:02] my_logger.INFO: Get Request: /locations/1 [] []
[2017-11-11 21:45:09] my_logger.INFO: GET Request: /events [] []
[2017-11-11 21:45:09] my_logger.INFO: Get Request: /locations/1 [] []
[2017-11-11 21:45:09] my_logger.INFO: Get Request: /locations/2 [] []
[2017-11-11 21:45:09] my_logger.INFO: Get Request: /locations/3 [] []
[2017-11-11 21:45:12] my_logger.INFO: GET Request: /events [] []
[2017-11-11 21:45:12] my_logger.INFO: Get Request: /locations/1 [] []
[2017-11-11 21:45:12] my_logger.INFO: Get Request: /locations/3 [] []
[2017-11-11 21:45:12] my_logger.INFO: Get Request: /locations/2 [] []
[2017-11-11 21:45:49] my_logger.INFO: GET Request: /events [] []
[2017-11-11 21:45:49] my_logger.INFO: Get Request: /locations/3 [] []
[2017-11-11 21:45:49] my_logger.INFO: Get Request: /locations/1 [] []
[2017-11-11 21:45:49] my_logger.INFO: Get Request: /locations/2 [] []
[2017-11-11 21:46:26] my_logger.INFO: GET Request: /events [] []
[2017-11-11 21:46:26] my_logger.INFO: Get Request: /locations/2 [] []
[2017-11-11 21:46:26] my_logger.INFO: Get Request: /locations/1 [] []
[2017-11-11 21:46:26] my_logger.INFO: Get Request: /locations/3 [] []
[2017-11-11 21:47:09] my_logger.INFO: GET Request: /events [] []
[2017-11-11 21:47:09] my_logger.INFO: Get Request: /locations/3 [] []
[2017-11-11 21:47:09] my_logger.INFO: Get Request: /locations/1 [] []
[2017-11-11 21:47:09] my_logger.INFO: Get Request: /locations/2 [] []
[2017-11-11 21:47:22] my_logger.INFO: GET Request: /events [] []
[2017-11-11 21:47:22] my_logger.INFO: Get Request: /locations/1 [] []
[2017-11-11 21:47:22] my_logger.INFO: Get Request: /locations/3 [] []
[2017-11-11 21:47:22] my_logger.INFO: Get Request: /locations/2 [] []
[2017-11-11 21:47:43] my_logger.INFO: GET Request: /events [] []
[2017-11-11 21:47:43] my_logger.INFO: Get Request: /locations/2 [] []
[2017-11-11 21:47:43] my_logger.INFO: Get Request: /locations/1 [] []
[2017-11-11 21:47:43] my_logger.INFO: Get Request: /locations/3 [] []
[2017-11-11 21:47:58] my_logger.INFO: GET Request: /events [] []
[2017-11-11 21:47:58] my_logger.INFO: Get Request: /locations/1 [] []
[2017-11-11 21:47:58] my_logger.INFO: Get Request: /locations/2 [] []
[2017-11-11 21:47:58] my_logger.INFO: Get Request: /locations/3 [] []
[2017-11-11 21:48:39] my_logger.INFO: GET Request: /events [] []
[2017-11-11 21:48:39] my_logger.INFO: Get Request: /locations/1 [] []
[2017-11-11 21:48:39] my_logger.INFO: Get Request: /locations/2 [] []
[2017-11-11 21:48:39] my_logger.INFO: Get Request: /locations/3 [] []
[2017-11-11 21:49:17] my_logger.INFO: GET Request: /events [] []
[2017-11-11 21:49:17] my_logger.INFO: Get Request: /locations/1 [] []
[2017-11-11 21:49:17] my_logger.INFO: Get Request: /locations/2 [] []
[2017-11-11 21:49:17] my_logger.INFO: Get Request: /locations/3 [] []
[2017-11-11 21:49:28] my_logger.INFO: GET Request: /events [] []
[2017-11-11 21:49:28] my_logger.INFO: Get Request: /locations/3 [] []
[2017-11-11 21:49:28] my_logger.INFO: Get Request: /locations/2 [] []
[2017-11-11 21:49:28] my_logger.INFO: Get Request: /locations/1 [] []
[2017-11-11 21:50:41] my_logger.INFO: GET Request: /events [] []
[2017-11-11 21:50:41] my_logger.INFO: Get Request: /locations/1 [] []
[2017-11-11 21:50:41] my_logger.INFO: Get Request: /locations/3 [] []
[2017-11-11 21:50:41] my_logger.INFO: Get Request: /locations/2 [] []
[2017-11-11 21:51:01] my_logger.INFO: GET Request: /events [] []
[2017-11-11 21:51:01] my_logger.INFO: Get Request: /locations/1 [] []
[2017-11-11 21:51:01] my_logger.INFO: Get Request: /locations/2 [] []
[2017-11-11 21:51:01] my_logger.INFO: Get Request: /locations/3 [] []
[2017-11-11 21:51:24] my_logger.INFO: GET Request: /events [] []
[2017-11-11 21:51:24] my_logger.INFO: Get Request: /locations/2 [] []
[2017-11-11 21:51:24] my_logger.INFO: Get Request: /locations/3 [] []
[2017-11-11 21:51:24] my_logger.INFO: Get Request: /locations/1 [] []
[2017-11-11 21:52:01] my_logger.INFO: GET Request: /events [] []
[2017-11-11 21:52:01] my_logger.INFO: Get Request: /locations/1 [] []
[2017-11-11 21:52:01] my_logger.INFO: Get Request: /locations/3 [] []
[2017-11-11 21:52:01] my_logger.INFO: Get Request: /locations/2 [] []
[2017-11-11 21:52:52] my_logger.INFO: GET Request: /events [] []
[2017-11-11 21:52:52] my_logger.INFO: Get Request: /locations/1 [] []
[2017-11-11 21:52:52] my_logger.INFO: Get Request: /locations/2 [] []
[2017-11-11 21:52:52] my_logger.INFO: Get Request: /locations/3 [] []
[2017-11-11 21:53:48] my_logger.INFO: GET Request: /events [] []
[2017-11-11 21:53:48] my_logger.INFO: Get Request: /locations/1 [] []
[2017-11-11 21:53:48] my_logger.INFO: Get Request: /locations/3 [] []
[2017-11-11 21:53:48] my_logger.INFO: Get Request: /locations/2 [] []
[2017-11-11 21:54:05] my_logger.INFO: GET Request: /events [] []
[2017-11-11 21:54:05] my_logger.INFO: Get Request: /locations/1 [] []
[2017-11-11 21:54:05] my_logger.INFO: Get Request: /locations/3 [] []
[2017-11-11 21:54:05] my_logger.INFO: Get Request: /locations/2 [] []
[2017-11-11 21:54:25] my_logger.INFO: GET Request: /events [] []
[2017-11-11 21:54:25] my_logger.INFO: Get Request: /locations/1 [] []
[2017-11-11 21:54:25] my_logger.INFO: Get Request: /locations/3 [] []
[2017-11-11 21:54:25] my_logger.INFO: Get Request: /locations/2 [] []
[2017-11-11 21:58:15] my_logger.INFO: GET Request: /events/next [] []
[2017-11-11 21:58:15] my_logger.INFO: Get Request: /locations/1 [] []
[2017-11-11 21:58:17] my_logger.INFO: GET Request: /events [] []
[2017-11-11 21:58:17] my_logger.INFO: Get Request: /locations/1 [] []
[2017-11-11 21:58:17] my_logger.INFO: Get Request: /locations/2 [] []
[2017-11-11 21:58:17] my_logger.INFO: Get Request: /locations/3 [] []
[2017-11-11 21:58:18] my_logger.INFO: GET Request: /events/next [] []
[2017-11-11 21:58:18] my_logger.INFO: Get Request: /locations/1 [] []
[2017-11-11 21:58:19] my_logger.INFO: GET Request: /events [] []
[2017-11-11 21:58:19] my_logger.INFO: Get Request: /locations/2 [] []
[2017-11-11 21:58:19] my_logger.INFO: Get Request: /locations/1 [] []
[2017-11-11 21:58:19] my_logger.INFO: Get Request: /locations/3 [] []
[2017-11-11 22:00:00] my_logger.INFO: GET Request: /events/next [] []
[2017-11-11 22:00:00] my_logger.INFO: Get Request: /locations/1 [] []
[2017-11-11 22:00:04] my_logger.INFO: GET Request: /events/next [] []
[2017-11-11 22:00:04] my_logger.INFO: Get Request: /locations/1 [] []
[2017-11-11 22:00:06] my_logger.INFO: GET Request: /events [] []
[2017-11-11 22:00:06] my_logger.INFO: Get Request: /locations/1 [] []
[2017-11-11 22:00:06] my_logger.INFO: Get Request: /locations/2 [] []
[2017-11-11 22:00:06] my_logger.INFO: Get Request: /locations/3 [] []
[2017-11-11 22:00:10] my_logger.INFO: GET Request: /events/next [] []
[2017-11-11 22:00:10] my_logger.INFO: Get Request: /locations/1 [] []
[2017-11-11 22:00:11] my_logger.INFO: GET Request: /events [] []
[2017-11-11 22:00:11] my_logger.INFO: Get Request: /locations/2 [] []
[2017-11-11 22:00:11] my_logger.INFO: Get Request: /locations/3 [] []
[2017-11-11 22:00:11] my_logger.INFO: Get Request: /locations/1 [] []
[2017-11-11 22:00:13] my_logger.INFO: GET Request: /events [] []
[2017-11-11 22:00:13] my_logger.INFO: Get Request: /locations/3 [] []
[2017-11-11 22:00:13] my_logger.INFO: Get Request: /locations/1 [] []
[2017-11-11 22:00:13] my_logger.INFO: Get Request: /locations/2 [] []
[2017-11-11 22:00:14] my_logger.INFO: GET Request: /events/next [] []
[2017-11-11 22:00:14] my_logger.INFO: Get Request: /locations/1 [] []
[2017-11-11 22:01:27] my_logger.INFO: GET Request: /events/next [] []
[2017-11-11 22:01:27] my_logger.INFO: Get Request: /locations/1 [] []
[2017-11-11 22:01:29] my_logger.INFO: GET Request: /events [] []
[2017-11-11 22:01:29] my_logger.INFO: Get Request: /locations/1 [] []
[2017-11-11 22:01:29] my_logger.INFO: Get Request: /locations/3 [] []
[2017-11-11 22:01:29] my_logger.INFO: Get Request: /locations/2 [] []
[2017-11-11 22:01:31] my_logger.INFO: GET Request: /events/next [] []
[2017-11-11 22:01:31] my_logger.INFO: Get Request: /locations/1 [] []
[2017-11-11 22:02:51] my_logger.INFO: GET Request: /events [] []
[2017-11-11 22:02:52] my_logger.INFO: Get Request: /locations/3 [] []
[2017-11-11 22:02:52] my_logger.INFO: Get Request: /locations/2 [] []
[2017-11-11 22:02:52] my_logger.INFO: Get Request: /locations/1 [] []
[2017-11-11 22:05:02] my_logger.INFO: GET Request: /events [] []
[2017-11-11 22:05:03] my_logger.INFO: Get Request: /locations/1 [] []
[2017-11-11 22:05:03] my_logger.INFO: Get Request: /locations/3 [] []
[2017-11-11 22:05:03] my_logger.INFO: Get Request: /locations/2 [] []
[2017-11-11 22:06:20] my_logger.INFO: GET Request: /events [] []
[2017-11-11 22:06:20] my_logger.INFO: Get Request: /locations/1 [] []
[2017-11-11 22:06:20] my_logger.INFO: Get Request: /locations/2 [] []
[2017-11-11 22:06:20] my_logger.INFO: Get Request: /locations/3 [] []
[2017-11-11 22:07:57] my_logger.INFO: GET Request: /events [] []
[2017-11-11 22:07:57] my_logger.INFO: Get Request: /locations/1 [] []
[2017-11-11 22:07:57] my_logger.INFO: Get Request: /locations/2 [] []
[2017-11-11 22:07:57] my_logger.INFO: Get Request: /locations/3 [] []
[2017-11-11 22:09:14] my_logger.INFO: GET Request: /events [] []
[2017-11-11 22:09:14] my_logger.INFO: Get Request: /locations/2 [] []
[2017-11-11 22:09:14] my_logger.INFO: Get Request: /locations/3 [] []
[2017-11-11 22:09:14] my_logger.INFO: Get Request: /locations/1 [] []
[2017-11-11 22:09:16] my_logger.INFO: GET Request: /events [] []
[2017-11-11 22:09:16] my_logger.INFO: Get Request: /locations/2 [] []
[2017-11-11 22:09:16] my_logger.INFO: Get Request: /locations/1 [] []
[2017-11-11 22:09:16] my_logger.INFO: Get Request: /locations/3 [] []
[2017-11-11 22:11:31] my_logger.INFO: GET Request: /events/next [] []
[2017-11-11 22:11:31] my_logger.INFO: Get Request: /locations/1 [] []
[2017-11-11 22:11:34] my_logger.INFO: GET Request: /events [] []
[2017-11-11 22:11:34] my_logger.INFO: Get Request: /locations/1 [] []
[2017-11-11 22:11:34] my_logger.INFO: Get Request: /locations/3 [] []
[2017-11-11 22:11:34] my_logger.INFO: Get Request: /locations/2 [] []
[2017-11-11 22:24:58] my_logger.INFO: GET Request: /events [] []
[2017-11-11 22:24:58] my_logger.INFO: Get Request: /locations/1 [] []
[2017-11-11 22:24:58] my_logger.INFO: Get Request: /locations/3 [] []
[2017-11-11 22:24:58] my_logger.INFO: Get Request: /locations/2 [] []
[2017-11-11 23:37:00] my_logger.INFO: GET Request: /events [] []
[2017-11-11 23:37:00] my_logger.INFO: Get Request: /locations/1 [] []
[2017-11-11 23:37:00] my_logger.INFO: Get Request: /locations/2 [] []
[2017-11-11 23:37:00] my_logger.INFO: Get Request: /locations/3 [] []
[2017-11-11 23:37:05] my_logger.INFO: GET Request: /events [] []
[2017-11-11 23:37:05] my_logger.INFO: Get Request: /locations/1 [] []
[2017-11-11 23:37:05] my_logger.INFO: Get Request: /locations/3 [] []
[2017-11-11 23:37:05] my_logger.INFO: Get Request: /locations/2 [] []
[2017-11-11 23:37:08] my_logger.INFO: GET Request: /events [] []
[2017-11-11 23:37:08] my_logger.INFO: Get Request: /locations/1 [] []
[2017-11-11 23:37:08] my_logger.INFO: Get Request: /locations/2 [] []
[2017-11-11 23:37:08] my_logger.INFO: Get Request: /locations/3 [] []
[2017-11-11 23:37:09] my_logger.INFO: GET Request: /events [] []
[2017-11-11 23:37:09] my_logger.INFO: Get Request: /locations/3 [] []
[2017-11-11 23:37:09] my_logger.INFO: Get Request: /locations/1 [] []
[2017-11-11 23:37:09] my_logger.INFO: Get Request: /locations/2 [] []
[2017-11-11 23:38:20] my_logger.INFO: GET Request: /events [] []
[2017-11-11 23:38:20] my_logger.INFO: Get Request: /locations/1 [] []
[2017-11-11 23:38:20] my_logger.INFO: Get Request: /locations/2 [] []
[2017-11-11 23:38:20] my_logger.INFO: Get Request: /locations/3 [] []
[2017-11-11 23:51:24] my_logger.INFO: GET Request: /events [] []
[2017-11-11 23:51:24] my_logger.INFO: Get Request: /locations/1 [] []
[2017-11-11 23:51:24] my_logger.INFO: Get Request: /locations/2 [] []
[2017-11-11 23:51:24] my_logger.INFO: Get Request: /locations/3 [] []
[2017-11-11 23:54:54] my_logger.INFO: GET Request: /events [] []
[2017-11-11 23:54:54] my_logger.INFO: Get Request: /locations/1 [] []
[2017-11-11 23:54:54] my_logger.INFO: Get Request: /locations/2 [] []
[2017-11-11 23:54:54] my_logger.INFO: Get Request: /locations/3 [] []
[2017-11-11 23:55:58] my_logger.INFO: GET Request: /events [] []
[2017-11-11 23:55:58] my_logger.INFO: Get Request: /locations/2 [] []
[2017-11-11 23:55:58] my_logger.INFO: Get Request: /locations/1 [] []
[2017-11-11 23:55:58] my_logger.INFO: Get Request: /locations/3 [] []
[2017-11-11 23:57:47] my_logger.INFO: GET Request: /events [] []
[2017-11-11 23:57:47] my_logger.INFO: Get Request: /locations/1 [] []
[2017-11-11 23:57:47] my_logger.INFO: Get Request: /locations/2 [] []
[2017-11-11 23:57:47] my_logger.INFO: Get Request: /locations/3 [] []
[2017-11-11 23:58:10] my_logger.INFO: GET Request: /events [] []
[2017-11-11 23:58:10] my_logger.INFO: Get Request: /locations/3 [] []
[2017-11-11 23:58:10] my_logger.INFO: Get Request: /locations/1 [] []
[2017-11-11 23:58:10] my_logger.INFO: Get Request: /locations/2 [] []
[2017-11-11 23:59:05] my_logger.INFO: GET Request: /events [] []
[2017-11-11 23:59:05] my_logger.INFO: Get Request: /locations/1 [] []
[2017-11-11 23:59:05] my_logger.INFO: Get Request: /locations/2 [] []
[2017-11-11 23:59:05] my_logger.INFO: Get Request: /locations/3 [] []
[2017-11-12 01:23:31] my_logger.INFO: GET Request: /events/next [] []
[2017-11-12 01:23:31] my_logger.INFO: Get Request: /locations/1 [] []
[2017-11-12 01:23:33] my_logger.INFO: GET Request: /events [] []
[2017-11-12 01:23:33] my_logger.INFO: Get Request: /locations/1 [] []
[2017-11-12 01:23:33] my_logger.INFO: Get Request: /locations/2 [] []
[2017-11-12 01:23:33] my_logger.INFO: Get Request: /locations/3 [] []
[2017-11-12 12:47:42] my_logger.INFO: GET Request: /events/next [] []
[2017-11-12 12:47:42] my_logger.INFO: Get Request: /locations/1 [] []
[2017-11-12 12:47:44] my_logger.INFO: GET Request: /events [] []
[2017-11-12 12:47:44] my_logger.INFO: Get Request: /locations/1 [] []
[2017-11-12 12:47:44] my_logger.INFO: Get Request: /locations/2 [] []
[2017-11-12 12:47:44] my_logger.INFO: Get Request: /locations/3 [] []
[2017-11-12 12:47:47] my_logger.INFO: GET Request: /events/next [] []
[2017-11-12 12:47:47] my_logger.INFO: Get Request: /locations/1 [] []
[2017-11-12 12:47:48] my_logger.INFO: GET Request: /events [] []
[2017-11-12 12:47:48] my_logger.INFO: Get Request: /locations/2 [] []
[2017-11-12 12:47:48] my_logger.INFO: Get Request: /locations/3 [] []
[2017-11-12 12:47:48] my_logger.INFO: Get Request: /locations/1 [] []
[2017-11-12 16:22:54] my_logger.INFO: GET Request: /events [] []
[2017-11-12 16:22:54] my_logger.INFO: Get Request: /locations/1 [] []
[2017-11-12 16:22:54] my_logger.INFO: Get Request: /locations/3 [] []
[2017-11-12 18:51:20] my_logger.INFO: GET Request: /events [] []
[2017-11-12 18:51:20] my_logger.INFO: Get Request: /locations/1 [] []
[2017-11-12 18:51:20] my_logger.INFO: Get Request: /locations/2 [] []
[2017-11-12 18:51:20] my_logger.INFO: Get Request: /locations/3 [] []
[2017-11-12 18:52:01] my_logger.INFO: GET Request: /events [] []
[2017-11-12 18:52:01] my_logger.INFO: Get Request: /locations/2 [] []
[2017-11-12 18:52:01] my_logger.INFO: Get Request: /locations/1 [] []
[2017-11-12 18:52:01] my_logger.INFO: Get Request: /locations/3 [] []
[2017-11-12 18:52:36] my_logger.INFO: GET Request: /events [] []
[2017-11-12 18:52:36] my_logger.INFO: Get Request: /locations/2 [] []
[2017-11-12 18:52:36] my_logger.INFO: Get Request: /locations/1 [] []
[2017-11-12 18:52:36] my_logger.INFO: Get Request: /locations/3 [] []
[2017-11-12 18:53:05] my_logger.INFO: GET Request: /events [] []
[2017-11-12 18:53:05] my_logger.INFO: Get Request: /locations/3 [] []
[2017-11-12 18:53:05] my_logger.INFO: Get Request: /locations/2 [] []
[2017-11-12 18:53:05] my_logger.INFO: Get Request: /locations/1 [] []
[2017-11-12 18:54:53] my_logger.INFO: GET Request: /events [] []
[2017-11-12 18:54:53] my_logger.INFO: Get Request: /locations/2 [] []
[2017-11-12 18:54:53] my_logger.INFO: Get Request: /locations/1 [] []
[2017-11-12 18:54:53] my_logger.INFO: Get Request: /locations/3 [] []
[2017-11-12 18:55:06] my_logger.INFO: GET Request: /events [] []
[2017-11-12 18:55:06] my_logger.INFO: Get Request: /locations/2 [] []
[2017-11-12 18:55:06] my_logger.INFO: Get Request: /locations/1 [] []
[2017-11-12 18:55:06] my_logger.INFO: Get Request: /locations/3 [] []
[2017-11-12 18:55:50] my_logger.INFO: GET Request: /events [] []
[2017-11-12 18:55:51] my_logger.INFO: Get Request: /locations/2 [] []
[2017-11-12 18:55:51] my_logger.INFO: Get Request: /locations/1 [] []
[2017-11-12 18:55:51] my_logger.INFO: Get Request: /locations/3 [] []
[2017-11-12 18:56:38] my_logger.INFO: GET Request: /events [] []
[2017-11-12 18:56:38] my_logger.INFO: Get Request: /locations/1 [] []
[2017-11-12 18:56:38] my_logger.INFO: Get Request: /locations/2 [] []
[2017-11-12 18:56:38] my_logger.INFO: Get Request: /locations/3 [] []
[2017-11-12 18:57:13] my_logger.INFO: GET Request: /events [] []
[2017-11-12 18:57:13] my_logger.INFO: Get Request: /locations/1 [] []
[2017-11-12 18:57:13] my_logger.INFO: Get Request: /locations/2 [] []
[2017-11-12 18:57:13] my_logger.INFO: Get Request: /locations/3 [] []
[2017-11-12 18:57:43] my_logger.INFO: GET Request: /events [] []
[2017-11-12 18:57:43] my_logger.INFO: Get Request: /locations/2 [] []
[2017-11-12 18:57:43] my_logger.INFO: Get Request: /locations/1 [] []
[2017-11-12 18:57:43] my_logger.INFO: Get Request: /locations/3 [] []
[2017-11-12 18:58:09] my_logger.INFO: GET Request: /events [] []
[2017-11-12 18:58:09] my_logger.INFO: Get Request: /locations/1 [] []
[2017-11-12 18:58:09] my_logger.INFO: Get Request: /locations/2 [] []
[2017-11-12 18:58:09] my_logger.INFO: Get Request: /locations/3 [] []
[2017-11-12 18:58:44] my_logger.INFO: GET Request: /events [] []
[2017-11-12 18:58:44] my_logger.INFO: Get Request: /locations/1 [] []
[2017-11-12 18:58:44] my_logger.INFO: Get Request: /locations/3 [] []
[2017-11-12 18:58:44] my_logger.INFO: Get Request: /locations/2 [] []
[2017-11-12 18:59:05] my_logger.INFO: GET Request: /events [] []
[2017-11-12 18:59:05] my_logger.INFO: Get Request: /locations/1 [] []
[2017-11-12 18:59:05] my_logger.INFO: Get Request: /locations/2 [] []
[2017-11-12 18:59:05] my_logger.INFO: Get Request: /locations/3 [] []
[2017-11-12 19:00:06] my_logger.INFO: GET Request: /events [] []
[2017-11-12 19:00:06] my_logger.INFO: Get Request: /locations/1 [] []
[2017-11-12 19:00:06] my_logger.INFO: Get Request: /locations/2 [] []
[2017-11-12 19:00:06] my_logger.INFO: Get Request: /locations/3 [] []
[2017-11-12 20:20:06] my_logger.INFO: GET Request: /events [] []
[2017-11-12 20:20:06] my_logger.INFO: Get Request: /locations/1 [] []
[2017-11-12 20:20:06] my_logger.INFO: Get Request: /locations/3 [] []
[2017-11-12 20:20:06] my_logger.INFO: Get Request: /locations/2 [] []
[2017-11-12 20:20:22] my_logger.INFO: GET Request: /events [] []
[2017-11-12 20:20:22] my_logger.INFO: Get Request: /locations/1 [] []
[2017-11-12 20:20:22] my_logger.INFO: Get Request: /locations/2 [] []
[2017-11-12 20:20:22] my_logger.INFO: Get Request: /locations/3 [] []
[2017-11-12 20:20:37] my_logger.INFO: GET Request: /events [] []
[2017-11-12 20:20:37] my_logger.INFO: Get Request: /locations/1 [] []
[2017-11-12 20:20:37] my_logger.INFO: Get Request: /locations/3 [] []
[2017-11-12 20:20:37] my_logger.INFO: Get Request: /locations/2 [] []
[2017-11-12 20:21:02] my_logger.INFO: GET Request: /events [] []
[2017-11-12 20:21:02] my_logger.INFO: Get Request: /locations/2 [] []
[2017-11-12 20:21:02] my_logger.INFO: Get Request: /locations/1 [] []
[2017-11-12 20:21:02] my_logger.INFO: Get Request: /locations/3 [] []
[2017-11-12 20:21:32] my_logger.INFO: GET Request: /events [] []
[2017-11-12 20:21:32] my_logger.INFO: Get Request: /locations/1 [] []
[2017-11-12 20:21:32] my_logger.INFO: Get Request: /locations/2 [] []
[2017-11-12 20:21:32] my_logger.INFO: Get Request: /locations/3 [] []
[2017-11-12 20:21:53] my_logger.INFO: GET Request: /events [] []
[2017-11-12 20:21:53] my_logger.INFO: Get Request: /locations/1 [] []
[2017-11-12 20:21:53] my_logger.INFO: Get Request: /locations/3 [] []
[2017-11-12 20:21:53] my_logger.INFO: Get Request: /locations/2 [] []
[2017-11-12 20:26:32] my_logger.INFO: GET Request: /events [] []
[2017-11-12 20:26:33] my_logger.INFO: Get Request: /locations/2 [] []
[2017-11-12 20:26:33] my_logger.INFO: Get Request: /locations/1 [] []
[2017-11-12 20:26:33] my_logger.INFO: Get Request: /locations/3 [] []
[2017-11-12 20:27:18] my_logger.INFO: GET Request: /events [] []
[2017-11-12 20:27:18] my_logger.INFO: Get Request: /locations/2 [] []
[2017-11-12 20:27:18] my_logger.INFO: Get Request: /locations/3 [] []
[2017-11-12 20:27:18] my_logger.INFO: Get Request: /locations/1 [] []
[2017-11-12 20:27:37] my_logger.INFO: GET Request: /events [] []
[2017-11-12 20:27:38] my_logger.INFO: Get Request: /locations/1 [] []
[2017-11-12 20:27:38] my_logger.INFO: Get Request: /locations/3 [] []
[2017-11-12 20:27:38] my_logger.INFO: Get Request: /locations/2 [] []
[2017-11-12 20:28:08] my_logger.INFO: GET Request: /events [] []
[2017-11-12 20:28:08] my_logger.INFO: Get Request: /locations/1 [] []
[2017-11-12 20:28:08] my_logger.INFO: Get Request: /locations/2 [] []
[2017-11-12 20:28:08] my_logger.INFO: Get Request: /locations/3 [] []
[2017-11-13 00:20:45] my_logger.INFO: GET Request: /events [] []
[2017-11-13 00:20:45] my_logger.INFO: Get Request: /locations/1 [] []
[2017-11-13 00:20:46] my_logger.INFO: Get Request: /locations/2 [] []
[2017-11-13 00:20:46] my_logger.INFO: Get Request: /locations/3 [] []
[2017-11-13 00:21:21] my_logger.INFO: GET Request: /events [] []
[2017-11-13 00:21:21] my_logger.INFO: Get Request: /locations/1 [] []
[2017-11-13 00:21:21] my_logger.INFO: Get Request: /locations/3 [] []
[2017-11-13 00:21:21] my_logger.INFO: Get Request: /locations/2 [] []
[2017-11-13 00:21:55] my_logger.INFO: GET Request: /events [] []
[2017-11-13 00:21:55] my_logger.INFO: Get Request: /locations/3 [] []
[2017-11-13 00:21:55] my_logger.INFO: Get Request: /locations/2 [] []
[2017-11-13 00:21:55] my_logger.INFO: Get Request: /locations/1 [] []
[2017-11-13 00:22:47] my_logger.INFO: GET Request: /events [] []
[2017-11-13 00:22:47] my_logger.INFO: Get Request: /locations/1 [] []
[2017-11-13 00:22:47] my_logger.INFO: Get Request: /locations/2 [] []
[2017-11-13 00:22:47] my_logger.INFO: Get Request: /locations/3 [] []
[2017-11-13 00:25:57] my_logger.INFO: GET Request: /events [] []
[2017-11-13 00:25:57] my_logger.INFO: Get Request: /locations/1 [] []
[2017-11-13 00:25:57] my_logger.INFO: Get Request: /locations/2 [] []
[2017-11-13 00:25:57] my_logger.INFO: Get Request: /locations/3 [] []
[2017-11-13 14:25:29] my_logger.INFO: GET Request: /events/next [] []
[2017-11-13 14:25:29] my_logger.INFO: Get Request: /locations/1 [] []
[2017-11-13 14:25:37] my_logger.INFO: GET Request: /events/next [] []
[2017-11-13 14:25:37] my_logger.INFO: Get Request: /locations/1 [] []
[2017-11-13 14:25:39] my_logger.INFO: GET Request: /events [] []
[2017-11-13 14:25:39] my_logger.INFO: Get Request: /locations/1 [] []
[2017-11-13 14:25:39] my_logger.INFO: Get Request: /locations/2 [] []
[2017-11-13 14:25:39] my_logger.INFO: Get Request: /locations/3 [] []
[2017-11-13 14:26:19] my_logger.INFO: GET Request: /events/next [] []
[2017-11-13 14:26:19] my_logger.INFO: Get Request: /locations/1 [] []
[2017-11-13 14:27:08] my_logger.INFO: GET Request: /events [] []
[2017-11-13 14:27:08] my_logger.INFO: Get Request: /locations/2 [] []
[2017-11-13 14:27:08] my_logger.INFO: Get Request: /locations/3 [] []
[2017-11-13 14:27:08] my_logger.INFO: Get Request: /locations/1 [] []
[2017-11-13 14:27:09] my_logger.INFO: GET Request: /events/next [] []
[2017-11-13 14:27:09] my_logger.INFO: Get Request: /locations/1 [] []
[2017-11-13 14:28:59] my_logger.INFO: GET Request: /events/next [] []
[2017-11-13 14:28:59] my_logger.INFO: Get Request: /locations/1 [] []
[2017-11-13 14:29:03] my_logger.INFO: GET Request: /events/next [] []
[2017-11-13 14:29:03] my_logger.INFO: Get Request: /locations/1 [] []
[2017-11-13 14:29:54] my_logger.INFO: GET Request: /events/next [] []
[2017-11-13 14:29:54] my_logger.INFO: Get Request: /locations/1 [] []
[2017-11-13 14:30:02] my_logger.INFO: GET Request: /events/next [] []
[2017-11-13 14:30:02] my_logger.INFO: Get Request: /locations/1 [] []
[2017-11-13 14:30:21] my_logger.INFO: GET Request: /events/next [] []
[2017-11-13 14:30:21] my_logger.INFO: Get Request: /locations/1 [] []
[2017-11-13 14:30:24] my_logger.INFO: GET Request: /events/next [] []
[2017-11-13 14:30:24] my_logger.INFO: Get Request: /locations/1 [] []
[2017-11-13 14:30:28] my_logger.INFO: GET Request: /events/next [] []
[2017-11-13 14:30:28] my_logger.INFO: Get Request: /locations/1 [] []
[2017-11-13 14:31:12] my_logger.INFO: GET Request: /events/next [] []
[2017-11-13 14:31:13] my_logger.INFO: Get Request: /locations/1 [] []
[2017-11-17 13:01:32] my_logger.INFO: GET Request: /events/next [] []
[2017-11-17 13:01:32] my_logger.INFO: Get Request: /locations/1 [] []
[2017-11-17 13:01:44] my_logger.INFO: GET Request: /events/next [] []
[2017-11-17 13:01:44] my_logger.INFO: Get Request: /locations/1 [] []
[2017-11-17 13:01:49] my_logger.INFO: GET Request: /events [] []
[2017-11-17 13:01:50] my_logger.INFO: Get Request: /locations/1 [] []
[2017-11-17 13:01:50] my_logger.INFO: Get Request: /locations/2 [] []
[2017-11-17 13:01:50] my_logger.INFO: Get Request: /locations/3 [] []
[2017-11-17 13:01:52] my_logger.INFO: GET Request: /events/next [] []
[2017-11-17 13:01:52] my_logger.INFO: Get Request: /locations/1 [] []
[2017-11-17 13:01:52] my_logger.INFO: GET Request: /events [] []
[2017-11-17 13:01:52] my_logger.INFO: Get Request: /locations/2 [] []
[2017-11-17 13:01:52] my_logger.INFO: Get Request: /locations/1 [] []
[2017-11-17 13:01:52] my_logger.INFO: Get Request: /locations/3 [] []
[2017-11-17 13:01:53] my_logger.INFO: GET Request: /events/next [] []
[2017-11-17 13:01:53] my_logger.INFO: Get Request: /locations/1 [] []
[2017-11-17 13:02:50] my_logger.INFO: GET Request: /events/next [] []
[2017-11-17 13:02:50] my_logger.INFO: Get Request: /locations/1 [] []
[2017-11-17 13:02:52] my_logger.INFO: GET Request: /events [] []
[2017-11-17 13:02:52] my_logger.INFO: Get Request: /locations/1 [] []
[2017-11-17 13:02:52] my_logger.INFO: Get Request: /locations/2 [] []
[2017-11-17 13:02:52] my_logger.INFO: Get Request: /locations/3 [] []
[2017-11-17 13:02:54] my_logger.INFO: GET Request: /events/next [] []
[2017-11-17 13:02:54] my_logger.INFO: Get Request: /locations/1 [] []
[2017-11-17 13:02:56] my_logger.INFO: GET Request: /events [] []
[2017-11-17 13:02:56] my_logger.INFO: Get Request: /locations/2 [] []
[2017-11-17 13:02:56] my_logger.INFO: Get Request: /locations/3 [] []
[2017-11-17 13:02:56] my_logger.INFO: Get Request: /locations/1 [] []
[2017-11-17 13:02:58] my_logger.INFO: GET Request: /events/next [] []
[2017-11-17 13:02:58] my_logger.INFO: Get Request: /locations/1 [] []
[2017-11-17 13:02:58] my_logger.INFO: GET Request: /events [] []
[2017-11-17 13:02:58] my_logger.INFO: Get Request: /locations/1 [] []
[2017-11-17 13:02:58] my_logger.INFO: Get Request: /locations/2 [] []
[2017-11-17 13:02:58] my_logger.INFO: Get Request: /locations/3 [] []
[2017-11-17 13:03:00] my_logger.INFO: GET Request: /events [] []
[2017-11-17 13:03:00] my_logger.INFO: Get Request: /locations/2 [] []
[2017-11-17 13:03:00] my_logger.INFO: Get Request: /locations/3 [] []
[2017-11-17 13:03:00] my_logger.INFO: Get Request: /locations/1 [] []
[2018-01-05 15:49:23] my_logger.INFO: GET Request: /events/next [] []
[2018-01-05 15:49:23] my_logger.INFO: Get Request: /locations/1 [] []
[2018-01-05 15:49:24] my_logger.INFO: GET Request: /events/next [] []
[2018-01-05 15:49:24] my_logger.INFO: Get Request: /locations/1 [] []
